{"level":"info","message":"Executing (default): SELECT 1+1 AS result","timestamp":"2017-10-17T10:03:12.824Z"}
{"level":"info","message":"Executing (default): SELECT 1+1 AS result","timestamp":"2017-10-17T10:04:33.662Z"}
{"level":"info","message":"Executing (default): SELECT 1+1 AS result","timestamp":"2017-10-17T10:05:15.276Z"}
{"level":"info","message":"Executing (default): SELECT 1+1 AS result","timestamp":"2017-10-17T10:06:07.588Z"}
{"level":"info","message":"Executing (default): SELECT 1+1 AS result","timestamp":"2017-10-17T10:07:26.993Z"}
{"level":"info","message":"Executing (default): SELECT 1+1 AS result","timestamp":"2017-10-17T10:55:52.444Z"}
{"level":"info","message":"Executing (default): SELECT 1+1 AS result","timestamp":"2017-10-17T11:23:05.320Z"}
{"level":"info","message":"Executing (default): SELECT 1+1 AS result","timestamp":"2017-10-17T11:24:47.951Z"}
{"level":"info","message":"Executing (default): SELECT 1+1 AS result","timestamp":"2017-10-17T13:26:33.999Z"}
{"level":"info","message":"Executing (default): SELECT 1+1 AS result","timestamp":"2017-10-17T13:29:55.456Z"}
{"level":"info","message":"Executing (default): CREATE TABLE IF NOT EXISTS \"log-hahah\" (\"id\" VARCHAR(255) , \"name\" VARCHAR(255) NOT NULL, \"ancher\" VARCHAR(255) NOT NULL, \"owner\" VARCHAR(255) NOT NULL, \"message\" VARCHAR(255), \"attr\" JSON, \"at\" TIMESTAMP WITH TIME ZONE NOT NULL, PRIMARY KEY (\"id\"));","timestamp":"2017-10-17T13:29:55.488Z"}
{"level":"info","message":"Executing (default): SELECT i.relname AS name, ix.indisprimary AS primary, ix.indisunique AS unique, ix.indkey AS indkey, array_agg(a.attnum) as column_indexes, array_agg(a.attname) AS column_names, pg_get_indexdef(ix.indexrelid) AS definition FROM pg_class t, pg_class i, pg_index ix, pg_attribute a WHERE t.oid = ix.indrelid AND i.oid = ix.indexrelid AND a.attrelid = t.oid AND t.relkind = 'r' and t.relname = 'log-hahah' GROUP BY i.relname, ix.indexrelid, ix.indisprimary, ix.indisunique, ix.indkey ORDER BY i.relname;","timestamp":"2017-10-17T13:29:55.593Z"}
{"level":"info","message":"Executing (default): INSERT INTO \"log-hahah\" (\"id\",\"name\",\"ancher\",\"owner\",\"message\",\"attr\",\"at\") VALUES (NULL,'','','','','{}','2017-10-17 21:29:55.622 +08:00') RETURNING *;","timestamp":"2017-10-17T13:29:55.640Z"}
{"level":"info","message":"Executing (default): SELECT 1+1 AS result","timestamp":"2017-10-17T13:30:56.191Z"}
{"level":"info","message":"Executing (default): CREATE TABLE IF NOT EXISTS \"log-hahah\" (\"id\" UUIDV4 , \"name\" VARCHAR(255) NOT NULL, \"ancher\" VARCHAR(255) NOT NULL, \"owner\" VARCHAR(255) NOT NULL, \"message\" VARCHAR(255), \"attr\" JSON, \"at\" TIMESTAMP WITH TIME ZONE NOT NULL, PRIMARY KEY (\"id\"));","timestamp":"2017-10-17T13:30:56.233Z"}
{"level":"info","message":"Executing (default): SELECT i.relname AS name, ix.indisprimary AS primary, ix.indisunique AS unique, ix.indkey AS indkey, array_agg(a.attnum) as column_indexes, array_agg(a.attname) AS column_names, pg_get_indexdef(ix.indexrelid) AS definition FROM pg_class t, pg_class i, pg_index ix, pg_attribute a WHERE t.oid = ix.indrelid AND i.oid = ix.indexrelid AND a.attrelid = t.oid AND t.relkind = 'r' and t.relname = 'log-hahah' GROUP BY i.relname, ix.indexrelid, ix.indisprimary, ix.indisunique, ix.indkey ORDER BY i.relname;","timestamp":"2017-10-17T13:30:56.240Z"}
{"level":"info","message":"Executing (default): INSERT INTO \"log-hahah\" (\"id\",\"name\",\"ancher\",\"owner\",\"message\",\"attr\",\"at\") VALUES (NULL,'','','','','{}','2017-10-17 21:30:56.255 +08:00') RETURNING *;","timestamp":"2017-10-17T13:30:56.283Z"}
{"level":"info","message":"Executing (default): SELECT 1+1 AS result","timestamp":"2017-10-17T13:31:35.841Z"}
{"level":"info","message":"Executing (default): CREATE TABLE IF NOT EXISTS \"log-hahah\" (\"id\" UUIDV4 , \"name\" VARCHAR(255) NOT NULL, \"ancher\" VARCHAR(255) NOT NULL, \"owner\" VARCHAR(255) NOT NULL, \"message\" VARCHAR(255), \"attr\" JSON, \"at\" TIMESTAMP WITH TIME ZONE NOT NULL, PRIMARY KEY (\"id\"));","timestamp":"2017-10-17T13:31:35.872Z"}
{"level":"info","message":"Executing (default): SELECT 1+1 AS result","timestamp":"2017-10-17T13:32:49.553Z"}
{"level":"info","message":"Executing (default): CREATE TABLE IF NOT EXISTS \"log-hahah\" (\"id\" UUID , \"name\" VARCHAR(255) NOT NULL, \"ancher\" VARCHAR(255) NOT NULL, \"owner\" VARCHAR(255) NOT NULL, \"message\" VARCHAR(255), \"attr\" JSON, \"at\" TIMESTAMP WITH TIME ZONE NOT NULL, PRIMARY KEY (\"id\"));","timestamp":"2017-10-17T13:32:49.582Z"}
{"level":"info","message":"Executing (default): SELECT i.relname AS name, ix.indisprimary AS primary, ix.indisunique AS unique, ix.indkey AS indkey, array_agg(a.attnum) as column_indexes, array_agg(a.attname) AS column_names, pg_get_indexdef(ix.indexrelid) AS definition FROM pg_class t, pg_class i, pg_index ix, pg_attribute a WHERE t.oid = ix.indrelid AND i.oid = ix.indexrelid AND a.attrelid = t.oid AND t.relkind = 'r' and t.relname = 'log-hahah' GROUP BY i.relname, ix.indexrelid, ix.indisprimary, ix.indisunique, ix.indkey ORDER BY i.relname;","timestamp":"2017-10-17T13:32:49.679Z"}
{"level":"info","message":"Executing (default): INSERT INTO \"log-hahah\" (\"id\",\"name\",\"ancher\",\"owner\",\"message\",\"attr\",\"at\") VALUES (NULL,'','','','','{}','2017-10-17 21:32:49.688 +08:00') RETURNING *;","timestamp":"2017-10-17T13:32:49.707Z"}
{"level":"info","message":"Executing (default): SELECT 1+1 AS result","timestamp":"2017-10-17T13:36:10.536Z"}
{"level":"info","message":"Executing (default): CREATE TABLE IF NOT EXISTS \"log-hahah\" (\"id\" UUID , \"name\" VARCHAR(255) NOT NULL, \"ancher\" VARCHAR(255) NOT NULL, \"owner\" VARCHAR(255) NOT NULL, \"message\" VARCHAR(255), \"attr\" JSON, \"at\" TIMESTAMP WITH TIME ZONE NOT NULL, PRIMARY KEY (\"id\"));","timestamp":"2017-10-17T13:36:10.570Z"}
{"level":"info","message":"Executing (default): SELECT i.relname AS name, ix.indisprimary AS primary, ix.indisunique AS unique, ix.indkey AS indkey, array_agg(a.attnum) as column_indexes, array_agg(a.attname) AS column_names, pg_get_indexdef(ix.indexrelid) AS definition FROM pg_class t, pg_class i, pg_index ix, pg_attribute a WHERE t.oid = ix.indrelid AND i.oid = ix.indexrelid AND a.attrelid = t.oid AND t.relkind = 'r' and t.relname = 'log-hahah' GROUP BY i.relname, ix.indexrelid, ix.indisprimary, ix.indisunique, ix.indkey ORDER BY i.relname;","timestamp":"2017-10-17T13:36:10.683Z"}
{"level":"info","message":"Executing (default): INSERT INTO \"log-hahah\" (\"id\",\"name\",\"ancher\",\"owner\",\"message\",\"attr\",\"at\") VALUES (NULL,'','','','','{}','2017-10-17 21:36:10.694 +08:00') RETURNING *;","timestamp":"2017-10-17T13:36:10.712Z"}
{"level":"info","message":"Executing (default): SELECT 1+1 AS result","timestamp":"2017-10-17T13:38:35.925Z"}
{"level":"info","message":"Executing (default): CREATE TABLE IF NOT EXISTS \"log-hahah\" (\"id\"  SERIAL , \"name\" VARCHAR(255) NOT NULL, \"ancher\" VARCHAR(255) NOT NULL, \"owner\" VARCHAR(255) NOT NULL, \"message\" VARCHAR(255), \"attr\" JSON, \"at\" TIMESTAMP WITH TIME ZONE NOT NULL, PRIMARY KEY (\"id\"));","timestamp":"2017-10-17T13:38:35.971Z"}
{"level":"info","message":"Executing (default): SELECT i.relname AS name, ix.indisprimary AS primary, ix.indisunique AS unique, ix.indkey AS indkey, array_agg(a.attnum) as column_indexes, array_agg(a.attname) AS column_names, pg_get_indexdef(ix.indexrelid) AS definition FROM pg_class t, pg_class i, pg_index ix, pg_attribute a WHERE t.oid = ix.indrelid AND i.oid = ix.indexrelid AND a.attrelid = t.oid AND t.relkind = 'r' and t.relname = 'log-hahah' GROUP BY i.relname, ix.indexrelid, ix.indisprimary, ix.indisunique, ix.indkey ORDER BY i.relname;","timestamp":"2017-10-17T13:38:35.975Z"}
{"level":"info","message":"Executing (default): INSERT INTO \"log-hahah\" (\"id\",\"name\",\"ancher\",\"owner\",\"message\",\"attr\",\"at\") VALUES (DEFAULT,'','','','','{}','2017-10-17 21:38:35.991 +08:00') RETURNING *;","timestamp":"2017-10-17T13:38:36.023Z"}
{"level":"info","message":"Executing (default): SELECT 1+1 AS result","timestamp":"2017-10-17T13:39:14.135Z"}
{"level":"info","message":"Executing (default): DROP TABLE IF EXISTS \"log-hahah\" CASCADE;","timestamp":"2017-10-17T13:39:14.172Z"}
{"level":"info","message":"Executing (default): CREATE TABLE IF NOT EXISTS \"log-hahah\" (\"id\"  SERIAL , \"name\" VARCHAR(255) NOT NULL, \"ancher\" VARCHAR(255) NOT NULL, \"owner\" VARCHAR(255) NOT NULL, \"message\" VARCHAR(255), \"attr\" JSON, \"at\" TIMESTAMP WITH TIME ZONE NOT NULL, PRIMARY KEY (\"id\"));","timestamp":"2017-10-17T13:39:14.185Z"}
{"level":"info","message":"Executing (default): SELECT i.relname AS name, ix.indisprimary AS primary, ix.indisunique AS unique, ix.indkey AS indkey, array_agg(a.attnum) as column_indexes, array_agg(a.attname) AS column_names, pg_get_indexdef(ix.indexrelid) AS definition FROM pg_class t, pg_class i, pg_index ix, pg_attribute a WHERE t.oid = ix.indrelid AND i.oid = ix.indexrelid AND a.attrelid = t.oid AND t.relkind = 'r' and t.relname = 'log-hahah' GROUP BY i.relname, ix.indexrelid, ix.indisprimary, ix.indisunique, ix.indkey ORDER BY i.relname;","timestamp":"2017-10-17T13:39:14.284Z"}
{"level":"info","message":"Executing (default): INSERT INTO \"log-hahah\" (\"id\",\"name\",\"ancher\",\"owner\",\"message\",\"attr\",\"at\") VALUES (DEFAULT,'','','','','{}','2017-10-17 21:39:14.296 +08:00') RETURNING *;","timestamp":"2017-10-17T13:39:14.321Z"}
{"level":"info","message":"Executing (default): SELECT 1+1 AS result","timestamp":"2017-10-17T13:40:14.527Z"}
{"level":"info","message":"Executing (default): DROP TABLE IF EXISTS \"log-hahah\" CASCADE;","timestamp":"2017-10-17T13:40:14.555Z"}
{"level":"info","message":"Executing (default): CREATE TABLE IF NOT EXISTS \"log-hahah\" (\"id\"  SERIAL , \"name\" VARCHAR(255) NOT NULL, \"ancher\" VARCHAR(255) NOT NULL, \"owner\" VARCHAR(255) NOT NULL, \"message\" VARCHAR(255), \"attr\" JSON, \"at\" TIMESTAMP WITH TIME ZONE NOT NULL, PRIMARY KEY (\"id\"));","timestamp":"2017-10-17T13:40:14.612Z"}
{"level":"info","message":"Executing (default): SELECT i.relname AS name, ix.indisprimary AS primary, ix.indisunique AS unique, ix.indkey AS indkey, array_agg(a.attnum) as column_indexes, array_agg(a.attname) AS column_names, pg_get_indexdef(ix.indexrelid) AS definition FROM pg_class t, pg_class i, pg_index ix, pg_attribute a WHERE t.oid = ix.indrelid AND i.oid = ix.indexrelid AND a.attrelid = t.oid AND t.relkind = 'r' and t.relname = 'log-hahah' GROUP BY i.relname, ix.indexrelid, ix.indisprimary, ix.indisunique, ix.indkey ORDER BY i.relname;","timestamp":"2017-10-17T13:40:14.750Z"}
{"level":"info","message":"Executing (default): INSERT INTO \"log-hahah\" (\"id\",\"name\",\"ancher\",\"owner\",\"message\",\"attr\",\"at\") VALUES (DEFAULT,'','','','','{\"hh\":11}','2017-10-17 21:40:14.772 +08:00') RETURNING *;","timestamp":"2017-10-17T13:40:14.794Z"}
{"level":"info","message":"Executing (default): SELECT 1+1 AS result","timestamp":"2017-10-18T07:20:26.387Z"}
{"level":"info","message":"Executing (default): DROP TABLE IF EXISTS \"log-hahah\" CASCADE;","timestamp":"2017-10-18T07:20:26.419Z"}
{"level":"info","message":"Executing (default): CREATE TABLE IF NOT EXISTS \"log-hahah\" (\"id\"  SERIAL , \"ancher\" VARCHAR(255) NOT NULL, \"owner\" VARCHAR(255) NOT NULL, \"message\" VARCHAR(255), \"attr\" JSON, \"at\" TIMESTAMP WITH TIME ZONE NOT NULL, PRIMARY KEY (\"id\"));","timestamp":"2017-10-18T07:20:26.774Z"}
{"level":"info","message":"Executing (default): SELECT i.relname AS name, ix.indisprimary AS primary, ix.indisunique AS unique, ix.indkey AS indkey, array_agg(a.attnum) as column_indexes, array_agg(a.attname) AS column_names, pg_get_indexdef(ix.indexrelid) AS definition FROM pg_class t, pg_class i, pg_index ix, pg_attribute a WHERE t.oid = ix.indrelid AND i.oid = ix.indexrelid AND a.attrelid = t.oid AND t.relkind = 'r' and t.relname = 'log-hahah' GROUP BY i.relname, ix.indexrelid, ix.indisprimary, ix.indisunique, ix.indkey ORDER BY i.relname;","timestamp":"2017-10-18T07:20:28.435Z"}
{"level":"info","message":"Executing (default): INSERT INTO \"log-hahah\" (\"id\",\"ancher\",\"owner\",\"message\",\"attr\",\"at\") VALUES (DEFAULT,'','','','{\"hh\":11}','2017-10-18 15:20:28.668 +08:00') RETURNING *;","timestamp":"2017-10-18T07:20:28.688Z"}
{"level":"info","message":"Executing (default): SELECT 1+1 AS result","timestamp":"2017-10-18T07:39:51.954Z"}
{"level":"info","message":"Executing (default): CREATE TABLE IF NOT EXISTS \"app\" (\"id\"  SERIAL , \"name\" VARCHAR(255) NOT NULL, \"tokenkey\" VARCHAR(255) NOT NULL, \"ovner\" VARCHAR(255) NOT NULL, \"created_at\" TIMESTAMP WITH TIME ZONE, \"loggers\" VARCHAR(255)[], PRIMARY KEY (\"id\"));","timestamp":"2017-10-18T07:39:51.970Z"}
{"level":"info","message":"Executing (default): SELECT i.relname AS name, ix.indisprimary AS primary, ix.indisunique AS unique, ix.indkey AS indkey, array_agg(a.attnum) as column_indexes, array_agg(a.attname) AS column_names, pg_get_indexdef(ix.indexrelid) AS definition FROM pg_class t, pg_class i, pg_index ix, pg_attribute a WHERE t.oid = ix.indrelid AND i.oid = ix.indexrelid AND a.attrelid = t.oid AND t.relkind = 'r' and t.relname = 'app' GROUP BY i.relname, ix.indexrelid, ix.indisprimary, ix.indisunique, ix.indkey ORDER BY i.relname;","timestamp":"2017-10-18T07:39:52.076Z"}
{"level":"info","message":"Executing (default): DROP TABLE IF EXISTS \"log-hahah\" CASCADE;","timestamp":"2017-10-18T07:39:52.106Z"}
{"level":"info","message":"Executing (default): CREATE TABLE IF NOT EXISTS \"log-hahah\" (\"id\"  SERIAL , \"ancher\" VARCHAR(255) NOT NULL, \"owner\" VARCHAR(255) NOT NULL, \"message\" VARCHAR(255), \"attr\" JSON, \"at\" TIMESTAMP WITH TIME ZONE NOT NULL, PRIMARY KEY (\"id\"));","timestamp":"2017-10-18T07:39:52.122Z"}
{"level":"info","message":"Executing (default): SELECT i.relname AS name, ix.indisprimary AS primary, ix.indisunique AS unique, ix.indkey AS indkey, array_agg(a.attnum) as column_indexes, array_agg(a.attname) AS column_names, pg_get_indexdef(ix.indexrelid) AS definition FROM pg_class t, pg_class i, pg_index ix, pg_attribute a WHERE t.oid = ix.indrelid AND i.oid = ix.indexrelid AND a.attrelid = t.oid AND t.relkind = 'r' and t.relname = 'log-hahah' GROUP BY i.relname, ix.indexrelid, ix.indisprimary, ix.indisunique, ix.indkey ORDER BY i.relname;","timestamp":"2017-10-18T07:39:52.216Z"}
{"level":"info","message":"Executing (default): INSERT INTO \"log-hahah\" (\"id\",\"ancher\",\"owner\",\"message\",\"attr\",\"at\") VALUES (DEFAULT,'','','','{\"hh\":11}','2017-10-18 15:39:52.219 +08:00') RETURNING *;","timestamp":"2017-10-18T07:39:52.241Z"}
{"level":"info","message":"Executing (default): SELECT 1+1 AS result","timestamp":"2017-10-18T08:13:17.356Z"}
{"level":"info","message":"Executing (default): DROP TABLE IF EXISTS \"log-hahah\" CASCADE;","timestamp":"2017-10-18T08:13:17.392Z"}
{"level":"info","message":"Executing (default): CREATE TABLE IF NOT EXISTS \"log-hahah\" (\"id\"  SERIAL , \"ancher\" VARCHAR(255) NOT NULL, \"owner\" VARCHAR(255) NOT NULL, \"message\" VARCHAR(255), \"attr\" JSON, \"at\" TIMESTAMP WITH TIME ZONE NOT NULL, PRIMARY KEY (\"id\"));","timestamp":"2017-10-18T08:13:17.500Z"}
{"level":"info","message":"Executing (default): SELECT i.relname AS name, ix.indisprimary AS primary, ix.indisunique AS unique, ix.indkey AS indkey, array_agg(a.attnum) as column_indexes, array_agg(a.attname) AS column_names, pg_get_indexdef(ix.indexrelid) AS definition FROM pg_class t, pg_class i, pg_index ix, pg_attribute a WHERE t.oid = ix.indrelid AND i.oid = ix.indexrelid AND a.attrelid = t.oid AND t.relkind = 'r' and t.relname = 'log-hahah' GROUP BY i.relname, ix.indexrelid, ix.indisprimary, ix.indisunique, ix.indkey ORDER BY i.relname;","timestamp":"2017-10-18T08:13:17.864Z"}
{"level":"info","message":"Executing (default): INSERT INTO \"log-hahah\" (\"id\",\"ancher\",\"owner\",\"message\",\"attr\",\"at\") VALUES (DEFAULT,'','','','{\"hh\":11}','2017-10-18 16:13:17.887 +08:00') RETURNING *;","timestamp":"2017-10-18T08:13:17.914Z"}
{"level":"info","message":"Executing (default): SELECT 1+1 AS result","timestamp":"2017-10-18T08:16:03.579Z"}
{"level":"info","message":"Executing (default): DROP TABLE IF EXISTS \"log-hahah\" CASCADE;","timestamp":"2017-10-18T08:16:03.614Z"}
{"level":"info","message":"Executing (default): CREATE TABLE IF NOT EXISTS \"log-hahah\" (\"id\"  SERIAL , \"ancher\" VARCHAR(255) NOT NULL, \"owner\" VARCHAR(255) NOT NULL, \"message\" VARCHAR(255), \"attr\" JSON, \"at\" TIMESTAMP WITH TIME ZONE NOT NULL, PRIMARY KEY (\"id\"));","timestamp":"2017-10-18T08:16:03.647Z"}
{"level":"info","message":"Executing (default): SELECT i.relname AS name, ix.indisprimary AS primary, ix.indisunique AS unique, ix.indkey AS indkey, array_agg(a.attnum) as column_indexes, array_agg(a.attname) AS column_names, pg_get_indexdef(ix.indexrelid) AS definition FROM pg_class t, pg_class i, pg_index ix, pg_attribute a WHERE t.oid = ix.indrelid AND i.oid = ix.indexrelid AND a.attrelid = t.oid AND t.relkind = 'r' and t.relname = 'log-hahah' GROUP BY i.relname, ix.indexrelid, ix.indisprimary, ix.indisunique, ix.indkey ORDER BY i.relname;","timestamp":"2017-10-18T08:16:03.720Z"}
{"level":"info","message":"Executing (default): INSERT INTO \"log-hahah\" (\"id\",\"ancher\",\"owner\",\"message\",\"attr\",\"at\") VALUES (DEFAULT,'','','','{\"hh\":11}','2017-10-18 16:16:03.735 +08:00') RETURNING *;","timestamp":"2017-10-18T08:16:03.760Z"}
{"level":"info","message":"Executing (default): SELECT 1+1 AS result","timestamp":"2017-10-18T08:28:42.605Z"}
{"level":"info","message":"Executing (default): SELECT 1+1 AS result","timestamp":"2017-10-18T08:30:36.497Z"}
{"level":"info","message":"Executing (default): SELECT 1+1 AS result","timestamp":"2017-10-18T08:31:02.258Z"}
{"level":"info","message":"Executing (default): SELECT 1+1 AS result","timestamp":"2017-10-18T08:31:32.602Z"}
{"level":"info","message":"Executing (default): SELECT 1+1 AS result","timestamp":"2017-10-18T08:38:14.038Z"}
{"level":"info","message":"Executing (default): SELECT 1+1 AS result","timestamp":"2017-10-18T08:38:41.298Z"}
{"level":"info","message":"Executing (default): SELECT 1+1 AS result","timestamp":"2017-10-18T08:38:50.123Z"}
{"level":"info","message":"Executing (default): SELECT 1+1 AS result","timestamp":"2017-10-18T08:39:34.208Z"}
{"level":"info","message":"Executing (default): SELECT 1+1 AS result","timestamp":"2017-10-18T08:39:38.208Z"}
{"level":"info","message":"Executing (default): SELECT 1+1 AS result","timestamp":"2017-10-18T08:39:41.919Z"}
{"level":"info","message":"Executing (default): SELECT 1+1 AS result","timestamp":"2017-10-18T08:40:10.973Z"}
{"level":"info","message":"Executing (default): SELECT 1+1 AS result","timestamp":"2017-10-18T08:44:32.580Z"}
{"level":"info","message":"Executing (default): SELECT 1+1 AS result","timestamp":"2017-10-18T09:27:43.075Z"}
{"level":"info","message":"Executing (default): SELECT 1+1 AS result","timestamp":"2017-10-18T09:41:35.979Z"}
{"level":"info","message":"Executing (default): SELECT 1+1 AS result","timestamp":"2017-10-18T09:43:44.466Z"}
{"level":"info","message":"Executing (default): SELECT 1+1 AS result","timestamp":"2017-10-18T09:44:02.504Z"}
{"level":"info","message":"Executing (default): SELECT 1+1 AS result","timestamp":"2017-10-18T09:45:48.336Z"}
{"level":"info","message":"Executing (default): SELECT 1+1 AS result","timestamp":"2017-10-18T09:49:22.498Z"}
{"level":"info","message":"Executing (default): SELECT 1+1 AS result","timestamp":"2017-10-18T09:49:33.332Z"}
{"level":"info","message":"Executing (default): SELECT 1+1 AS result","timestamp":"2017-10-18T09:50:07.694Z"}
{"level":"info","message":"Executing (default): SELECT 1+1 AS result","timestamp":"2017-10-18T09:50:20.862Z"}
{"level":"info","message":"Executing (default): SELECT 1+1 AS result","timestamp":"2017-10-18T09:51:26.535Z"}
{"level":"info","message":"Executing (default): SELECT 1+1 AS result","timestamp":"2017-10-18T09:51:44.615Z"}
{"level":"info","message":"Executing (default): SELECT 1+1 AS result","timestamp":"2017-10-18T10:01:14.357Z"}
{"level":"info","message":"Executing (default): SELECT 1+1 AS result","timestamp":"2017-10-18T10:01:39.616Z"}
{"level":"info","message":"Executing (default): SELECT 1+1 AS result","timestamp":"2017-10-18T10:05:50.168Z"}
{"level":"info","message":"Executing (default): SELECT 1+1 AS result","timestamp":"2017-10-18T10:06:35.671Z"}
{"level":"info","message":"Executing (default): SELECT 1+1 AS result","timestamp":"2017-10-18T10:06:57.153Z"}
{"level":"info","message":"Executing (default): SELECT 1+1 AS result","timestamp":"2017-10-18T10:09:18.786Z"}
{"level":"info","message":"Executing (default): SELECT 1+1 AS result","timestamp":"2017-10-18T10:10:26.009Z"}
{"level":"info","message":"Executing (default): SELECT 1+1 AS result","timestamp":"2017-10-18T10:11:12.818Z"}
{"level":"info","message":"Executing (default): SELECT \"id\", \"name\", \"tokenkey\", \"ovner\", \"created_at\", \"loggers\" FROM \"app\" AS \"App\" WHERE \"App\".\"id\" = 210;","timestamp":"2017-10-18T10:11:19.871Z"}
{"level":"info","message":"Executing (default): SELECT 1+1 AS result","timestamp":"2017-10-18T10:14:15.703Z"}
{"level":"info","message":"Executing (default): SELECT 1+1 AS result","timestamp":"2017-10-18T10:14:22.430Z"}
{"level":"info","message":"Executing (default): SELECT 1+1 AS result","timestamp":"2017-10-18T10:23:01.122Z"}
{"level":"info","message":"Executing (default): SELECT \"id\", \"name\", \"tokenkey\", \"ovner\", \"created_at\", \"loggers\" FROM \"app\" AS \"App\" WHERE \"App\".\"id\" = 1;","timestamp":"2017-10-18T10:23:20.579Z"}
{"level":"info","message":"Executing (default): DROP TABLE IF EXISTS \"log-A1-aa\" CASCADE;","timestamp":"2017-10-18T10:23:20.598Z"}
{"level":"info","message":"Executing (default): CREATE TABLE IF NOT EXISTS \"log-A1-aa\" (\"id\"  SERIAL , \"ancher\" VARCHAR(255) NOT NULL, \"owner\" VARCHAR(255) NOT NULL, \"message\" VARCHAR(255), \"attr\" JSON, \"at\" TIMESTAMP WITH TIME ZONE NOT NULL, PRIMARY KEY (\"id\"));","timestamp":"2017-10-18T10:23:20.606Z"}
{"level":"info","message":"Executing (default): SELECT i.relname AS name, ix.indisprimary AS primary, ix.indisunique AS unique, ix.indkey AS indkey, array_agg(a.attnum) as column_indexes, array_agg(a.attname) AS column_names, pg_get_indexdef(ix.indexrelid) AS definition FROM pg_class t, pg_class i, pg_index ix, pg_attribute a WHERE t.oid = ix.indrelid AND i.oid = ix.indexrelid AND a.attrelid = t.oid AND t.relkind = 'r' and t.relname = 'log-A1-aa' GROUP BY i.relname, ix.indexrelid, ix.indisprimary, ix.indisunique, ix.indkey ORDER BY i.relname;","timestamp":"2017-10-18T10:23:20.788Z"}
{"level":"info","message":"Executing (default): INSERT INTO \"log-A1-aa\" (\"id\",\"ancher\",\"owner\",\"message\",\"at\") VALUES (DEFAULT,'pc1','printer','11','2017-10-18 18:23:20.841 +08:00') RETURNING *;","timestamp":"2017-10-18T10:23:20.888Z"}
{"level":"info","message":"Executing (default): SELECT \"id\", \"name\", \"tokenkey\", \"ovner\", \"created_at\", \"loggers\" FROM \"app\" AS \"App\" WHERE \"App\".\"id\" = 1;","timestamp":"2017-10-18T10:23:23.723Z"}
{"level":"info","message":"Executing (default): INSERT INTO \"log-A1-aa\" (\"id\",\"ancher\",\"owner\",\"message\",\"at\") VALUES (DEFAULT,'pc1','printer','11','2017-10-18 18:23:23.727 +08:00') RETURNING *;","timestamp":"2017-10-18T10:23:23.732Z"}
{"level":"info","message":"Executing (default): SELECT \"id\", \"name\", \"tokenkey\", \"ovner\", \"created_at\", \"loggers\" FROM \"app\" AS \"App\" WHERE \"App\".\"id\" = 1;","timestamp":"2017-10-18T10:23:24.866Z"}
{"level":"info","message":"Executing (default): INSERT INTO \"log-A1-aa\" (\"id\",\"ancher\",\"owner\",\"message\",\"at\") VALUES (DEFAULT,'pc1','printer','11','2017-10-18 18:23:24.870 +08:00') RETURNING *;","timestamp":"2017-10-18T10:23:24.877Z"}
{"level":"info","message":"Executing (default): SELECT \"id\", \"name\", \"tokenkey\", \"ovner\", \"created_at\", \"loggers\" FROM \"app\" AS \"App\" WHERE \"App\".\"id\" = 1;","timestamp":"2017-10-18T10:23:26.331Z"}
{"level":"info","message":"Executing (default): INSERT INTO \"log-A1-aa\" (\"id\",\"ancher\",\"owner\",\"message\",\"at\") VALUES (DEFAULT,'pc1','printer','11','2017-10-18 18:23:26.333 +08:00') RETURNING *;","timestamp":"2017-10-18T10:23:26.340Z"}
{"level":"info","message":"Executing (default): SELECT \"id\", \"name\", \"tokenkey\", \"ovner\", \"created_at\", \"loggers\" FROM \"app\" AS \"App\" WHERE \"App\".\"id\" = 1;","timestamp":"2017-10-18T10:23:34.407Z"}
{"level":"info","message":"Executing (default): INSERT INTO \"log-A1-aa\" (\"id\",\"ancher\",\"owner\",\"message\",\"at\") VALUES (DEFAULT,'pc1','printer','11','2017-10-18 18:23:34.413 +08:00') RETURNING *;","timestamp":"2017-10-18T10:23:34.418Z"}
{"level":"info","message":"Executing (default): SELECT \"id\", \"name\", \"tokenkey\", \"ovner\", \"created_at\", \"loggers\" FROM \"app\" AS \"App\" WHERE \"App\".\"id\" = 1;","timestamp":"2017-10-18T10:23:37.932Z"}
{"level":"info","message":"Executing (default): INSERT INTO \"log-A1-aa\" (\"id\",\"ancher\",\"owner\",\"message\",\"at\") VALUES (DEFAULT,'pc1','printer','11','2017-10-18 18:23:37.935 +08:00') RETURNING *;","timestamp":"2017-10-18T10:23:37.941Z"}
{"level":"info","message":"Executing (default): SELECT \"id\", \"name\", \"tokenkey\", \"ovner\", \"created_at\", \"loggers\" FROM \"app\" AS \"App\" WHERE \"App\".\"id\" = 1;","timestamp":"2017-10-18T10:23:38.420Z"}
{"level":"info","message":"Executing (default): INSERT INTO \"log-A1-aa\" (\"id\",\"ancher\",\"owner\",\"message\",\"at\") VALUES (DEFAULT,'pc1','printer','11','2017-10-18 18:23:38.425 +08:00') RETURNING *;","timestamp":"2017-10-18T10:23:38.433Z"}
{"level":"info","message":"Executing (default): SELECT \"id\", \"name\", \"tokenkey\", \"ovner\", \"created_at\", \"loggers\" FROM \"app\" AS \"App\" WHERE \"App\".\"id\" = 1;","timestamp":"2017-10-18T10:23:38.848Z"}
{"level":"info","message":"Executing (default): INSERT INTO \"log-A1-aa\" (\"id\",\"ancher\",\"owner\",\"message\",\"at\") VALUES (DEFAULT,'pc1','printer','11','2017-10-18 18:23:38.850 +08:00') RETURNING *;","timestamp":"2017-10-18T10:23:38.858Z"}
{"level":"info","message":"Executing (default): SELECT \"id\", \"name\", \"tokenkey\", \"ovner\", \"created_at\", \"loggers\" FROM \"app\" AS \"App\" WHERE \"App\".\"id\" = 1;","timestamp":"2017-10-18T10:23:39.200Z"}
{"level":"info","message":"Executing (default): INSERT INTO \"log-A1-aa\" (\"id\",\"ancher\",\"owner\",\"message\",\"at\") VALUES (DEFAULT,'pc1','printer','11','2017-10-18 18:23:39.207 +08:00') RETURNING *;","timestamp":"2017-10-18T10:23:39.211Z"}
{"level":"info","message":"Executing (default): SELECT \"id\", \"name\", \"tokenkey\", \"ovner\", \"created_at\", \"loggers\" FROM \"app\" AS \"App\" WHERE \"App\".\"id\" = 1;","timestamp":"2017-10-18T10:23:39.465Z"}
{"level":"info","message":"Executing (default): INSERT INTO \"log-A1-aa\" (\"id\",\"ancher\",\"owner\",\"message\",\"at\") VALUES (DEFAULT,'pc1','printer','11','2017-10-18 18:23:39.468 +08:00') RETURNING *;","timestamp":"2017-10-18T10:23:39.475Z"}
{"level":"info","message":"Executing (default): SELECT \"id\", \"name\", \"tokenkey\", \"ovner\", \"created_at\", \"loggers\" FROM \"app\" AS \"App\" WHERE \"App\".\"id\" = 1;","timestamp":"2017-10-18T10:23:39.876Z"}
{"level":"info","message":"Executing (default): INSERT INTO \"log-A1-aa\" (\"id\",\"ancher\",\"owner\",\"message\",\"at\") VALUES (DEFAULT,'pc1','printer','11','2017-10-18 18:23:39.880 +08:00') RETURNING *;","timestamp":"2017-10-18T10:23:39.890Z"}
{"level":"info","message":"Executing (default): SELECT \"id\", \"name\", \"tokenkey\", \"ovner\", \"created_at\", \"loggers\" FROM \"app\" AS \"App\" WHERE \"App\".\"id\" = 1;","timestamp":"2017-10-18T10:23:40.063Z"}
{"level":"info","message":"Executing (default): INSERT INTO \"log-A1-aa\" (\"id\",\"ancher\",\"owner\",\"message\",\"at\") VALUES (DEFAULT,'pc1','printer','11','2017-10-18 18:23:40.067 +08:00') RETURNING *;","timestamp":"2017-10-18T10:23:40.072Z"}
{"level":"info","message":"Executing (default): SELECT \"id\", \"name\", \"tokenkey\", \"ovner\", \"created_at\", \"loggers\" FROM \"app\" AS \"App\" WHERE \"App\".\"id\" = 1;","timestamp":"2017-10-18T10:25:11.691Z"}
{"level":"info","message":"Executing (default): INSERT INTO \"log-A1-aa\" (\"id\",\"ancher\",\"owner\",\"message\",\"attr\",\"at\") VALUES (DEFAULT,'pc1','printer','t3','[\"farcek@yahoo.com\",\"aa\"]','2017-10-18 18:25:11.694 +08:00') RETURNING *;","timestamp":"2017-10-18T10:25:11.697Z"}
{"level":"info","message":"Executing (default): SELECT 1+1 AS result","timestamp":"2017-10-18T10:29:00.556Z"}
{"level":"info","message":"Executing (default): SELECT \"id\", \"name\", \"tokenkey\", \"ovner\", \"created_at\", \"loggers\" FROM \"app\" AS \"App\" WHERE \"App\".\"id\" = 1;","timestamp":"2017-10-18T10:29:08.424Z"}
{"level":"info","message":"Executing (default): UPDATE \"app\" SET \"loggers\"=ARRAY['aa']::VARCHAR(255)[] WHERE \"id\" = 1","timestamp":"2017-10-18T10:29:08.452Z"}
{"level":"info","message":"Executing (default): DROP TABLE IF EXISTS \"log-A1-aa\" CASCADE;","timestamp":"2017-10-18T10:29:08.471Z"}
{"level":"info","message":"Executing (default): CREATE TABLE IF NOT EXISTS \"log-A1-aa\" (\"id\"  SERIAL , \"ancher\" VARCHAR(255) NOT NULL, \"owner\" VARCHAR(255) NOT NULL, \"message\" VARCHAR(255), \"attr\" JSON, \"at\" TIMESTAMP WITH TIME ZONE NOT NULL, PRIMARY KEY (\"id\"));","timestamp":"2017-10-18T10:29:08.484Z"}
{"level":"info","message":"Executing (default): SELECT i.relname AS name, ix.indisprimary AS primary, ix.indisunique AS unique, ix.indkey AS indkey, array_agg(a.attnum) as column_indexes, array_agg(a.attname) AS column_names, pg_get_indexdef(ix.indexrelid) AS definition FROM pg_class t, pg_class i, pg_index ix, pg_attribute a WHERE t.oid = ix.indrelid AND i.oid = ix.indexrelid AND a.attrelid = t.oid AND t.relkind = 'r' and t.relname = 'log-A1-aa' GROUP BY i.relname, ix.indexrelid, ix.indisprimary, ix.indisunique, ix.indkey ORDER BY i.relname;","timestamp":"2017-10-18T10:29:08.546Z"}
{"level":"info","message":"Executing (default): INSERT INTO \"log-A1-aa\" (\"id\",\"ancher\",\"owner\",\"message\",\"attr\",\"at\") VALUES (DEFAULT,'pc1','printer','t3','[\"farcek@yahoo.com\",\"aa\"]','2017-10-18 18:29:08.557 +08:00') RETURNING *;","timestamp":"2017-10-18T10:29:08.572Z"}
{"level":"info","message":"Executing (default): SELECT \"id\", \"name\", \"tokenkey\", \"ovner\", \"created_at\", \"loggers\" FROM \"app\" AS \"App\" WHERE \"App\".\"id\" = 1;","timestamp":"2017-10-18T10:29:32.804Z"}
{"level":"info","message":"Executing (default): DROP TABLE IF EXISTS \"log-A1-aa2\" CASCADE;","timestamp":"2017-10-18T10:29:32.815Z"}
{"level":"info","message":"Executing (default): CREATE TABLE IF NOT EXISTS \"log-A1-aa2\" (\"id\"  SERIAL , \"ancher\" VARCHAR(255) NOT NULL, \"owner\" VARCHAR(255) NOT NULL, \"message\" VARCHAR(255), \"attr\" JSON, \"at\" TIMESTAMP WITH TIME ZONE NOT NULL, PRIMARY KEY (\"id\"));","timestamp":"2017-10-18T10:29:32.820Z"}
{"level":"info","message":"Executing (default): SELECT i.relname AS name, ix.indisprimary AS primary, ix.indisunique AS unique, ix.indkey AS indkey, array_agg(a.attnum) as column_indexes, array_agg(a.attname) AS column_names, pg_get_indexdef(ix.indexrelid) AS definition FROM pg_class t, pg_class i, pg_index ix, pg_attribute a WHERE t.oid = ix.indrelid AND i.oid = ix.indexrelid AND a.attrelid = t.oid AND t.relkind = 'r' and t.relname = 'log-A1-aa2' GROUP BY i.relname, ix.indexrelid, ix.indisprimary, ix.indisunique, ix.indkey ORDER BY i.relname;","timestamp":"2017-10-18T10:29:32.983Z"}
{"level":"info","message":"Executing (default): INSERT INTO \"log-A1-aa2\" (\"id\",\"ancher\",\"owner\",\"message\",\"attr\",\"at\") VALUES (DEFAULT,'pc1','printer','t3','[\"farcek@yahoo.com\",\"aa\"]','2017-10-18 18:29:32.990 +08:00') RETURNING *;","timestamp":"2017-10-18T10:29:32.997Z"}
{"level":"info","message":"Executing (default): SELECT \"id\", \"name\", \"tokenkey\", \"ovner\", \"created_at\", \"loggers\" FROM \"app\" AS \"App\" WHERE \"App\".\"id\" = 1;","timestamp":"2017-10-18T10:29:35.540Z"}
{"level":"info","message":"Executing (default): INSERT INTO \"log-A1-aa2\" (\"id\",\"ancher\",\"owner\",\"message\",\"attr\",\"at\") VALUES (DEFAULT,'pc1','printer','t3','[\"farcek@yahoo.com\",\"aa\"]','2017-10-18 18:29:35.551 +08:00') RETURNING *;","timestamp":"2017-10-18T10:29:35.561Z"}
{"level":"info","message":"Executing (default): SELECT \"id\", \"name\", \"tokenkey\", \"ovner\", \"created_at\", \"loggers\" FROM \"app\" AS \"App\" WHERE \"App\".\"id\" = 1;","timestamp":"2017-10-18T10:29:39.139Z"}
{"level":"info","message":"Executing (default): INSERT INTO \"log-A1-aa\" (\"id\",\"ancher\",\"owner\",\"message\",\"attr\",\"at\") VALUES (DEFAULT,'pc1','printer','t3','[\"farcek@yahoo.com\",\"aa\"]','2017-10-18 18:29:39.143 +08:00') RETURNING *;","timestamp":"2017-10-18T10:29:39.150Z"}
{"level":"info","message":"Executing (default): SELECT 1+1 AS result","timestamp":"2017-10-18T10:30:27.255Z"}
{"level":"info","message":"Executing (default): SELECT 1+1 AS result","timestamp":"2017-10-18T10:30:34.905Z"}
{"level":"info","message":"Executing (default): SELECT \"id\", \"name\", \"tokenkey\", \"ovner\", \"created_at\", \"loggers\" FROM \"app\" AS \"App\" WHERE \"App\".\"id\" = 1;","timestamp":"2017-10-18T10:30:38.472Z"}
{"level":"info","message":"Executing (default): DROP TABLE IF EXISTS \"log-A1-aa\" CASCADE;","timestamp":"2017-10-18T10:30:38.492Z"}
{"level":"info","message":"Executing (default): CREATE TABLE IF NOT EXISTS \"log-A1-aa\" (\"id\"  SERIAL , \"ancher\" VARCHAR(255) NOT NULL, \"owner\" VARCHAR(255) NOT NULL, \"message\" VARCHAR(255), \"attr\" JSON, \"at\" TIMESTAMP WITH TIME ZONE NOT NULL, PRIMARY KEY (\"id\"));","timestamp":"2017-10-18T10:30:38.636Z"}
{"level":"info","message":"Executing (default): SELECT i.relname AS name, ix.indisprimary AS primary, ix.indisunique AS unique, ix.indkey AS indkey, array_agg(a.attnum) as column_indexes, array_agg(a.attname) AS column_names, pg_get_indexdef(ix.indexrelid) AS definition FROM pg_class t, pg_class i, pg_index ix, pg_attribute a WHERE t.oid = ix.indrelid AND i.oid = ix.indexrelid AND a.attrelid = t.oid AND t.relkind = 'r' and t.relname = 'log-A1-aa' GROUP BY i.relname, ix.indexrelid, ix.indisprimary, ix.indisunique, ix.indkey ORDER BY i.relname;","timestamp":"2017-10-18T10:30:40.348Z"}
{"level":"info","message":"Executing (default): INSERT INTO \"log-A1-aa\" (\"id\",\"ancher\",\"owner\",\"message\",\"attr\",\"at\") VALUES (DEFAULT,'pc1','printer','t3','[\"farcek@yahoo.com\",\"aa\"]','2017-10-18 18:30:40.551 +08:00') RETURNING *;","timestamp":"2017-10-18T10:30:40.577Z"}
{"level":"info","message":"Executing (default): SELECT \"id\", \"name\", \"tokenkey\", \"ovner\", \"created_at\", \"loggers\" FROM \"app\" AS \"App\" WHERE \"App\".\"id\" = 1;","timestamp":"2017-10-18T10:30:53.401Z"}
{"level":"info","message":"Executing (default): DROP TABLE IF EXISTS \"log-A1-aa1\" CASCADE;","timestamp":"2017-10-18T10:30:53.419Z"}
{"level":"info","message":"Executing (default): CREATE TABLE IF NOT EXISTS \"log-A1-aa1\" (\"id\"  SERIAL , \"ancher\" VARCHAR(255) NOT NULL, \"owner\" VARCHAR(255) NOT NULL, \"message\" VARCHAR(255), \"attr\" JSON, \"at\" TIMESTAMP WITH TIME ZONE NOT NULL, PRIMARY KEY (\"id\"));","timestamp":"2017-10-18T10:30:53.424Z"}
{"level":"info","message":"Executing (default): SELECT i.relname AS name, ix.indisprimary AS primary, ix.indisunique AS unique, ix.indkey AS indkey, array_agg(a.attnum) as column_indexes, array_agg(a.attname) AS column_names, pg_get_indexdef(ix.indexrelid) AS definition FROM pg_class t, pg_class i, pg_index ix, pg_attribute a WHERE t.oid = ix.indrelid AND i.oid = ix.indexrelid AND a.attrelid = t.oid AND t.relkind = 'r' and t.relname = 'log-A1-aa1' GROUP BY i.relname, ix.indexrelid, ix.indisprimary, ix.indisunique, ix.indkey ORDER BY i.relname;","timestamp":"2017-10-18T10:30:55.041Z"}
{"level":"info","message":"Executing (default): INSERT INTO \"log-A1-aa1\" (\"id\",\"ancher\",\"owner\",\"message\",\"attr\",\"at\") VALUES (DEFAULT,'pc1','printer','t3','[\"farcek@yahoo.com\",\"aa\",\"\"]','2017-10-18 18:30:55.060 +08:00') RETURNING *;","timestamp":"2017-10-18T10:30:55.066Z"}
{"level":"info","message":"Executing (default): SELECT \"id\", \"name\", \"tokenkey\", \"ovner\", \"created_at\", \"loggers\" FROM \"app\" AS \"App\" WHERE \"App\".\"id\" = 1;","timestamp":"2017-10-18T10:30:58.582Z"}
{"level":"info","message":"Executing (default): INSERT INTO \"log-A1-aa1\" (\"id\",\"ancher\",\"owner\",\"message\",\"attr\",\"at\") VALUES (DEFAULT,'pc1','printer','t3','[\"farcek@yahoo.com\",\"aa\",\"\"]','2017-10-18 18:30:58.587 +08:00') RETURNING *;","timestamp":"2017-10-18T10:30:58.598Z"}
{"level":"info","message":"Executing (default): SELECT \"id\", \"name\", \"tokenkey\", \"ovner\", \"created_at\", \"loggers\" FROM \"app\" AS \"App\" WHERE \"App\".\"id\" = 1;","timestamp":"2017-10-18T10:31:54.184Z"}
{"level":"info","message":"Executing (default): INSERT INTO \"log-A1-aa1\" (\"id\",\"ancher\",\"owner\",\"message\",\"attr\",\"at\") VALUES (DEFAULT,'pc1','printer','t3','[\"farcek@yahoo.com\",\"aa\",\"\"]','2017-10-18 18:31:54.191 +08:00') RETURNING *;","timestamp":"2017-10-18T10:31:54.200Z"}
{"level":"info","message":"Executing (default): SELECT 1+1 AS result","timestamp":"2017-10-18T10:33:28.066Z"}
{"level":"info","message":"Executing (default): SELECT \"id\", \"name\", \"tokenkey\", \"ovner\", \"created_at\", \"loggers\" FROM \"app\" AS \"App\" WHERE \"App\".\"id\" = 1;","timestamp":"2017-10-18T10:33:32.537Z"}
{"level":"info","message":"Executing (default): DROP TABLE IF EXISTS \"log-A1-aa1\" CASCADE;","timestamp":"2017-10-18T10:33:32.565Z"}
{"level":"info","message":"Executing (default): CREATE TABLE IF NOT EXISTS \"log-A1-aa1\" (\"id\"  SERIAL , \"ancher\" VARCHAR(255) NOT NULL, \"owner\" VARCHAR(255) NOT NULL, \"message\" VARCHAR(255), \"attr\" JSON, \"at\" TIMESTAMP WITH TIME ZONE NOT NULL, PRIMARY KEY (\"id\"));","timestamp":"2017-10-18T10:33:33.182Z"}
{"level":"info","message":"Executing (default): SELECT i.relname AS name, ix.indisprimary AS primary, ix.indisunique AS unique, ix.indkey AS indkey, array_agg(a.attnum) as column_indexes, array_agg(a.attname) AS column_names, pg_get_indexdef(ix.indexrelid) AS definition FROM pg_class t, pg_class i, pg_index ix, pg_attribute a WHERE t.oid = ix.indrelid AND i.oid = ix.indexrelid AND a.attrelid = t.oid AND t.relkind = 'r' and t.relname = 'log-A1-aa1' GROUP BY i.relname, ix.indexrelid, ix.indisprimary, ix.indisunique, ix.indkey ORDER BY i.relname;","timestamp":"2017-10-18T10:33:35.477Z"}
{"level":"info","message":"Executing (default): INSERT INTO \"log-A1-aa1\" (\"id\",\"ancher\",\"owner\",\"message\",\"attr\",\"at\") VALUES (DEFAULT,'pc1','printer','t3','[\"farcek@yahoo.com\",\"aa\",\"\"]','2017-10-18 18:33:35.865 +08:00') RETURNING *;","timestamp":"2017-10-18T10:33:35.876Z"}
{"level":"info","message":"Executing (default): SELECT 1+1 AS result","timestamp":"2017-10-18T10:36:16.373Z"}
{"level":"info","message":"Executing (default): SELECT 1+1 AS result","timestamp":"2017-10-18T10:42:50.007Z"}
{"level":"info","message":"Executing (default): SELECT \"id\", \"name\", \"tokenkey\", \"ovner\", \"created_at\", \"loggers\" FROM \"app\" AS \"App\" WHERE \"App\".\"id\" = 1;","timestamp":"2017-10-18T10:42:54.823Z"}
{"level":"info","message":"Executing (default): DROP TABLE IF EXISTS \"log-A1-aa1\" CASCADE;","timestamp":"2017-10-18T10:42:54.844Z"}
{"level":"info","message":"Executing (default): CREATE TABLE IF NOT EXISTS \"log-A1-aa1\" (\"id\"  SERIAL , \"ancher\" VARCHAR(255) NOT NULL, \"owner\" VARCHAR(255) NOT NULL, \"message\" VARCHAR(255), \"attr\" JSON, \"at\" TIMESTAMP WITH TIME ZONE NOT NULL, PRIMARY KEY (\"id\"));","timestamp":"2017-10-18T10:42:55.568Z"}
{"level":"info","message":"Executing (default): SELECT i.relname AS name, ix.indisprimary AS primary, ix.indisunique AS unique, ix.indkey AS indkey, array_agg(a.attnum) as column_indexes, array_agg(a.attname) AS column_names, pg_get_indexdef(ix.indexrelid) AS definition FROM pg_class t, pg_class i, pg_index ix, pg_attribute a WHERE t.oid = ix.indrelid AND i.oid = ix.indexrelid AND a.attrelid = t.oid AND t.relkind = 'r' and t.relname = 'log-A1-aa1' GROUP BY i.relname, ix.indexrelid, ix.indisprimary, ix.indisunique, ix.indkey ORDER BY i.relname;","timestamp":"2017-10-18T10:42:56.439Z"}
{"level":"info","message":"Executing (default): INSERT INTO \"log-A1-aa1\" (\"id\",\"ancher\",\"owner\",\"message\",\"attr\",\"at\") VALUES (DEFAULT,'pc1','printer','t3','[\"farcek@yahoo.com\",\"aa\",\"dindon\"]','2017-10-18 18:42:56.713 +08:00') RETURNING *;","timestamp":"2017-10-18T10:42:56.778Z"}
{"level":"info","message":"Executing (default): SELECT \"id\", \"name\", \"tokenkey\", \"ovner\", \"created_at\", \"loggers\" FROM \"app\" AS \"App\" WHERE \"App\".\"id\" = 1;","timestamp":"2017-10-18T10:43:36.525Z"}
{"level":"info","message":"Executing (default): SELECT 1+1 AS result","timestamp":"2017-10-18T10:44:44.467Z"}
{"level":"info","message":"Executing (default): SELECT \"id\", \"name\", \"tokenkey\", \"ovner\", \"created_at\", \"loggers\" FROM \"app\" AS \"App\" WHERE \"App\".\"id\" = 1;","timestamp":"2017-10-18T10:44:48.549Z"}
{"level":"info","message":"Executing (default): UPDATE \"app\" SET \"loggers\"=ARRAY['aa1']::VARCHAR(255)[] WHERE \"id\" = 1","timestamp":"2017-10-18T10:44:48.629Z"}
{"level":"info","message":"Executing (default): DROP TABLE IF EXISTS \"log-A1-aa1\" CASCADE;","timestamp":"2017-10-18T10:44:48.717Z"}
{"level":"info","message":"Executing (default): CREATE TABLE IF NOT EXISTS \"log-A1-aa1\" (\"id\"  SERIAL , \"ancher\" VARCHAR(255) NOT NULL, \"owner\" VARCHAR(255) NOT NULL, \"message\" VARCHAR(255), \"attr\" JSON, \"at\" TIMESTAMP WITH TIME ZONE NOT NULL, PRIMARY KEY (\"id\"));","timestamp":"2017-10-18T10:44:48.779Z"}
{"level":"info","message":"Executing (default): SELECT i.relname AS name, ix.indisprimary AS primary, ix.indisunique AS unique, ix.indkey AS indkey, array_agg(a.attnum) as column_indexes, array_agg(a.attname) AS column_names, pg_get_indexdef(ix.indexrelid) AS definition FROM pg_class t, pg_class i, pg_index ix, pg_attribute a WHERE t.oid = ix.indrelid AND i.oid = ix.indexrelid AND a.attrelid = t.oid AND t.relkind = 'r' and t.relname = 'log-A1-aa1' GROUP BY i.relname, ix.indexrelid, ix.indisprimary, ix.indisunique, ix.indkey ORDER BY i.relname;","timestamp":"2017-10-18T10:44:49.020Z"}
{"level":"info","message":"Executing (default): INSERT INTO \"log-A1-aa1\" (\"id\",\"ancher\",\"owner\",\"message\",\"attr\",\"at\") VALUES (DEFAULT,'pc1','printer','t3','[\"farcek@yahoo.com\",\"aa\",\"dindon\"]','2017-10-18 18:44:49.083 +08:00') RETURNING *;","timestamp":"2017-10-18T10:44:49.097Z"}
{"level":"info","message":"Executing (default): SELECT \"id\", \"name\", \"tokenkey\", \"ovner\", \"created_at\", \"loggers\" FROM \"app\" AS \"App\" WHERE \"App\".\"id\" = 1;","timestamp":"2017-10-18T10:44:59.080Z"}
{"level":"info","message":"Executing (default): DROP TABLE IF EXISTS \"log-A1-aa2\" CASCADE;","timestamp":"2017-10-18T10:44:59.094Z"}
{"level":"info","message":"Executing (default): CREATE TABLE IF NOT EXISTS \"log-A1-aa2\" (\"id\"  SERIAL , \"ancher\" VARCHAR(255) NOT NULL, \"owner\" VARCHAR(255) NOT NULL, \"message\" VARCHAR(255), \"attr\" JSON, \"at\" TIMESTAMP WITH TIME ZONE NOT NULL, PRIMARY KEY (\"id\"));","timestamp":"2017-10-18T10:44:59.777Z"}
{"level":"info","message":"Executing (default): SELECT i.relname AS name, ix.indisprimary AS primary, ix.indisunique AS unique, ix.indkey AS indkey, array_agg(a.attnum) as column_indexes, array_agg(a.attname) AS column_names, pg_get_indexdef(ix.indexrelid) AS definition FROM pg_class t, pg_class i, pg_index ix, pg_attribute a WHERE t.oid = ix.indrelid AND i.oid = ix.indexrelid AND a.attrelid = t.oid AND t.relkind = 'r' and t.relname = 'log-A1-aa2' GROUP BY i.relname, ix.indexrelid, ix.indisprimary, ix.indisunique, ix.indkey ORDER BY i.relname;","timestamp":"2017-10-18T10:45:00.350Z"}
{"level":"info","message":"Executing (default): INSERT INTO \"log-A1-aa2\" (\"id\",\"ancher\",\"owner\",\"message\",\"attr\",\"at\") VALUES (DEFAULT,'pc1','printer','t3','[\"farcek@yahoo.com\",\"aa\",\"dindon\"]','2017-10-18 18:45:00.355 +08:00') RETURNING *;","timestamp":"2017-10-18T10:45:00.360Z"}
{"level":"info","message":"Executing (default): SELECT \"id\", \"name\", \"tokenkey\", \"ovner\", \"created_at\", \"loggers\" FROM \"app\" AS \"App\" WHERE \"App\".\"id\" = 1;","timestamp":"2017-10-18T10:45:41.815Z"}
{"level":"info","message":"Executing (default): INSERT INTO \"log-A1-aa2\" (\"id\",\"ancher\",\"owner\",\"message\",\"attr\",\"at\") VALUES (DEFAULT,'pc1','printer','t3','[\"farcek@yahoo.com\",\"aa\",\"dindon\"]','2017-10-18 18:45:41.824 +08:00') RETURNING *;","timestamp":"2017-10-18T10:45:41.834Z"}
{"level":"info","message":"Executing (default): SELECT 1+1 AS result","timestamp":"2017-10-18T10:46:59.742Z"}
{"level":"info","message":"Executing (default): SELECT \"id\", \"name\", \"tokenkey\", \"ovner\", \"created_at\", \"loggers\" FROM \"app\" AS \"App\" WHERE \"App\".\"id\" = 1;","timestamp":"2017-10-18T10:47:02.572Z"}
{"level":"info","message":"Executing (default): DROP TABLE IF EXISTS \"log-A1-aa2\" CASCADE;","timestamp":"2017-10-18T10:47:02.602Z"}
{"level":"info","message":"Executing (default): CREATE TABLE IF NOT EXISTS \"log-A1-aa2\" (\"id\"  SERIAL , \"ancher\" VARCHAR(255) NOT NULL, \"owner\" VARCHAR(255) NOT NULL, \"message\" VARCHAR(255), \"attr\" JSON, \"at\" TIMESTAMP WITH TIME ZONE NOT NULL, PRIMARY KEY (\"id\"));","timestamp":"2017-10-18T10:47:02.899Z"}
{"level":"info","message":"Executing (default): SELECT i.relname AS name, ix.indisprimary AS primary, ix.indisunique AS unique, ix.indkey AS indkey, array_agg(a.attnum) as column_indexes, array_agg(a.attname) AS column_names, pg_get_indexdef(ix.indexrelid) AS definition FROM pg_class t, pg_class i, pg_index ix, pg_attribute a WHERE t.oid = ix.indrelid AND i.oid = ix.indexrelid AND a.attrelid = t.oid AND t.relkind = 'r' and t.relname = 'log-A1-aa2' GROUP BY i.relname, ix.indexrelid, ix.indisprimary, ix.indisunique, ix.indkey ORDER BY i.relname;","timestamp":"2017-10-18T10:47:03.576Z"}
{"level":"info","message":"Executing (default): INSERT INTO \"log-A1-aa2\" (\"id\",\"ancher\",\"owner\",\"message\",\"attr\",\"at\") VALUES (DEFAULT,'pc1','printer','t3','[\"farcek@yahoo.com\",\"aa\",\"dindon\"]','2017-10-18 18:47:03.635 +08:00') RETURNING *;","timestamp":"2017-10-18T10:47:03.657Z"}
{"level":"info","message":"Executing (default): SELECT \"id\", \"name\", \"tokenkey\", \"ovner\", \"created_at\", \"loggers\" FROM \"app\" AS \"App\" WHERE \"App\".\"id\" = 1;","timestamp":"2017-10-18T10:47:14.826Z"}
{"level":"info","message":"Executing (default): INSERT INTO \"log-A1-aa2\" (\"id\",\"ancher\",\"owner\",\"message\",\"attr\",\"at\") VALUES (DEFAULT,'pc1','printer','t3','[\"farcek@yahoo.com\",\"aa\",\"dindon\"]','2017-10-18 18:47:14.834 +08:00') RETURNING *;","timestamp":"2017-10-18T10:47:14.841Z"}
{"level":"info","message":"Executing (default): SELECT \"id\", \"name\", \"tokenkey\", \"ovner\", \"created_at\", \"loggers\" FROM \"app\" AS \"App\" WHERE \"App\".\"id\" = 1;","timestamp":"2017-10-18T10:47:19.603Z"}
{"level":"info","message":"Executing (default): INSERT INTO \"log-A1-aa2\" (\"id\",\"ancher\",\"owner\",\"message\",\"attr\",\"at\") VALUES (DEFAULT,'pc1','printer','t3','[\"farcek@yahoo.com\",\"aa\",\"dindon\"]','2017-10-18 18:47:19.608 +08:00') RETURNING *;","timestamp":"2017-10-18T10:47:19.616Z"}
{"level":"info","message":"Executing (default): SELECT 1+1 AS result","timestamp":"2017-10-18T10:48:06.262Z"}
{"level":"info","message":"Executing (default): SELECT \"id\", \"name\", \"tokenkey\", \"ovner\", \"created_at\", \"loggers\" FROM \"app\" AS \"App\" WHERE \"App\".\"id\" = 1;","timestamp":"2017-10-18T10:48:24.110Z"}
{"level":"info","message":"Executing (default): DROP TABLE IF EXISTS \"log-A1-aa2\" CASCADE;","timestamp":"2017-10-18T10:48:24.137Z"}
{"level":"info","message":"Executing (default): CREATE TABLE IF NOT EXISTS \"log-A1-aa2\" (\"id\"  SERIAL , \"ancher\" VARCHAR(255) NOT NULL, \"owner\" VARCHAR(255) NOT NULL, \"message\" VARCHAR(255), \"attr\" JSON, \"at\" TIMESTAMP WITH TIME ZONE NOT NULL, PRIMARY KEY (\"id\"));","timestamp":"2017-10-18T10:48:24.245Z"}
{"level":"info","message":"Executing (default): SELECT i.relname AS name, ix.indisprimary AS primary, ix.indisunique AS unique, ix.indkey AS indkey, array_agg(a.attnum) as column_indexes, array_agg(a.attname) AS column_names, pg_get_indexdef(ix.indexrelid) AS definition FROM pg_class t, pg_class i, pg_index ix, pg_attribute a WHERE t.oid = ix.indrelid AND i.oid = ix.indexrelid AND a.attrelid = t.oid AND t.relkind = 'r' and t.relname = 'log-A1-aa2' GROUP BY i.relname, ix.indexrelid, ix.indisprimary, ix.indisunique, ix.indkey ORDER BY i.relname;","timestamp":"2017-10-18T10:48:24.744Z"}
{"level":"info","message":"Executing (default): INSERT INTO \"log-A1-aa2\" (\"id\",\"ancher\",\"owner\",\"message\",\"attr\",\"at\") VALUES (DEFAULT,'pc1','printer','t3','[\"farcek@yahoo.com\",\"aa\",\"dindon\"]','2017-10-18 18:48:24.796 +08:00') RETURNING *;","timestamp":"2017-10-18T10:48:24.806Z"}
{"level":"info","message":"Executing (default): SELECT 1+1 AS result","timestamp":"2017-10-18T10:53:22.240Z"}
{"level":"info","message":"Executing (default): SELECT 1+1 AS result","timestamp":"2017-10-18T10:54:03.026Z"}
{"level":"info","message":"Executing (default): SELECT \"id\", \"name\", \"tokenkey\", \"ovner\", \"created_at\", \"loggers\" FROM \"app\" AS \"App\" WHERE \"App\".\"id\" = 1;","timestamp":"2017-10-18T10:54:07.041Z"}
{"level":"info","message":"Executing (default): DROP TABLE IF EXISTS \"log-A1-aa2\" CASCADE;","timestamp":"2017-10-18T10:54:07.070Z"}
{"level":"info","message":"Executing (default): CREATE TABLE IF NOT EXISTS \"log-A1-aa2\" (\"id\"  SERIAL , \"ancher\" VARCHAR(255) NOT NULL, \"owner\" VARCHAR(255) NOT NULL, \"message\" VARCHAR(255), \"attr\" JSON, \"at\" TIMESTAMP WITH TIME ZONE NOT NULL, PRIMARY KEY (\"id\"));","timestamp":"2017-10-18T10:54:07.121Z"}
{"level":"info","message":"Executing (default): SELECT i.relname AS name, ix.indisprimary AS primary, ix.indisunique AS unique, ix.indkey AS indkey, array_agg(a.attnum) as column_indexes, array_agg(a.attname) AS column_names, pg_get_indexdef(ix.indexrelid) AS definition FROM pg_class t, pg_class i, pg_index ix, pg_attribute a WHERE t.oid = ix.indrelid AND i.oid = ix.indexrelid AND a.attrelid = t.oid AND t.relkind = 'r' and t.relname = 'log-A1-aa2' GROUP BY i.relname, ix.indexrelid, ix.indisprimary, ix.indisunique, ix.indkey ORDER BY i.relname;","timestamp":"2017-10-18T10:54:07.211Z"}
{"level":"info","message":"Executing (default): INSERT INTO \"log-A1-aa2\" (\"id\",\"ancher\",\"owner\",\"message\",\"attr\",\"at\") VALUES (DEFAULT,'pc1','printer','t3','[\"farcek@yahoo.com\",\"aa\",\"dindon\"]','2017-10-18 18:54:07.331 +08:00') RETURNING *;","timestamp":"2017-10-18T10:54:07.352Z"}
{"level":"info","message":"Executing (default): SELECT \"id\", \"name\", \"tokenkey\", \"ovner\", \"created_at\", \"loggers\" FROM \"app\" AS \"App\" WHERE \"App\".\"id\" = 1;","timestamp":"2017-10-18T10:54:17.131Z"}
{"level":"info","message":"Executing (default): INSERT INTO \"log-A1-aa2\" (\"id\",\"ancher\",\"owner\",\"message\",\"attr\",\"at\") VALUES (DEFAULT,'pc1','printer','t3','[\"farcek@yahoo.com\",\"aa\",\"dindon\"]','2017-10-18 18:54:17.136 +08:00') RETURNING *;","timestamp":"2017-10-18T10:54:17.143Z"}
{"level":"info","message":"Executing (default): SELECT \"id\", \"name\", \"tokenkey\", \"ovner\", \"created_at\", \"loggers\" FROM \"app\" AS \"App\" WHERE \"App\".\"id\" = 1;","timestamp":"2017-10-18T10:54:24.069Z"}
{"level":"info","message":"Executing (default): INSERT INTO \"log-A1-aa2\" (\"id\",\"ancher\",\"owner\",\"message\",\"attr\",\"at\") VALUES (DEFAULT,'pc1','printer','t3','[\"farcek@yahoo.com\",\"aa\",\"dindon\"]','2017-10-18 18:54:24.077 +08:00') RETURNING *;","timestamp":"2017-10-18T10:54:24.084Z"}
{"level":"info","message":"Executing (default): SELECT 1+1 AS result","timestamp":"2017-10-18T10:55:21.600Z"}
{"level":"info","message":"Executing (default): DROP TABLE IF EXISTS \"app\" CASCADE;","timestamp":"2017-10-18T10:55:21.618Z"}
{"level":"info","message":"Executing (default): DROP TABLE IF EXISTS \"app\" CASCADE;","timestamp":"2017-10-18T10:55:21.684Z"}
{"level":"info","message":"Executing (default): CREATE TABLE IF NOT EXISTS \"app\" (\"id\"  SERIAL , \"name\" VARCHAR(255) NOT NULL, \"tokenkey\" VARCHAR(255) NOT NULL, \"ovner\" VARCHAR(255) NOT NULL, \"created_at\" TIMESTAMP WITH TIME ZONE, \"loggers\" JSON, PRIMARY KEY (\"id\"));","timestamp":"2017-10-18T10:55:21.696Z"}
{"level":"info","message":"Executing (default): SELECT i.relname AS name, ix.indisprimary AS primary, ix.indisunique AS unique, ix.indkey AS indkey, array_agg(a.attnum) as column_indexes, array_agg(a.attname) AS column_names, pg_get_indexdef(ix.indexrelid) AS definition FROM pg_class t, pg_class i, pg_index ix, pg_attribute a WHERE t.oid = ix.indrelid AND i.oid = ix.indexrelid AND a.attrelid = t.oid AND t.relkind = 'r' and t.relname = 'app' GROUP BY i.relname, ix.indexrelid, ix.indisprimary, ix.indisunique, ix.indkey ORDER BY i.relname;","timestamp":"2017-10-18T10:55:21.784Z"}
{"level":"info","message":"Executing (default): SELECT \"id\", \"name\", \"tokenkey\", \"ovner\", \"created_at\", \"loggers\" FROM \"app\" AS \"App\" WHERE \"App\".\"id\" = 1;","timestamp":"2017-10-18T10:57:12.180Z"}
{"level":"info","message":"Executing (default): UPDATE \"app\" SET \"loggers\"='[\"aa2\"]' WHERE \"id\" = 1","timestamp":"2017-10-18T10:57:12.199Z"}
{"level":"info","message":"Executing (default): DROP TABLE IF EXISTS \"log-A1-aa2\" CASCADE;","timestamp":"2017-10-18T10:57:12.229Z"}
{"level":"info","message":"Executing (default): CREATE TABLE IF NOT EXISTS \"log-A1-aa2\" (\"id\"  SERIAL , \"ancher\" VARCHAR(255) NOT NULL, \"owner\" VARCHAR(255) NOT NULL, \"message\" VARCHAR(255), \"attr\" JSON, \"at\" TIMESTAMP WITH TIME ZONE NOT NULL, PRIMARY KEY (\"id\"));","timestamp":"2017-10-18T10:57:12.238Z"}
{"level":"info","message":"Executing (default): SELECT i.relname AS name, ix.indisprimary AS primary, ix.indisunique AS unique, ix.indkey AS indkey, array_agg(a.attnum) as column_indexes, array_agg(a.attname) AS column_names, pg_get_indexdef(ix.indexrelid) AS definition FROM pg_class t, pg_class i, pg_index ix, pg_attribute a WHERE t.oid = ix.indrelid AND i.oid = ix.indexrelid AND a.attrelid = t.oid AND t.relkind = 'r' and t.relname = 'log-A1-aa2' GROUP BY i.relname, ix.indexrelid, ix.indisprimary, ix.indisunique, ix.indkey ORDER BY i.relname;","timestamp":"2017-10-18T10:57:12.386Z"}
{"level":"info","message":"Executing (default): INSERT INTO \"log-A1-aa2\" (\"id\",\"ancher\",\"owner\",\"message\",\"attr\",\"at\") VALUES (DEFAULT,'pc1','printer','t3','[\"farcek@yahoo.com\",\"aa\",\"dindon\"]','2017-10-18 18:57:12.402 +08:00') RETURNING *;","timestamp":"2017-10-18T10:57:12.420Z"}
{"level":"info","message":"Executing (default): SELECT \"id\", \"name\", \"tokenkey\", \"ovner\", \"created_at\", \"loggers\" FROM \"app\" AS \"App\" WHERE \"App\".\"id\" = 1;","timestamp":"2017-10-18T10:57:29.052Z"}
{"level":"info","message":"Executing (default): INSERT INTO \"log-A1-aa2\" (\"id\",\"ancher\",\"owner\",\"message\",\"attr\",\"at\") VALUES (DEFAULT,'pc1','printer','t3','[\"farcek@yahoo.com\",\"aa\",\"dindon\"]','2017-10-18 18:57:29.060 +08:00') RETURNING *;","timestamp":"2017-10-18T10:57:29.068Z"}
{"level":"info","message":"Executing (default): SELECT \"id\", \"name\", \"tokenkey\", \"ovner\", \"created_at\", \"loggers\" FROM \"app\" AS \"App\" WHERE \"App\".\"id\" = 1;","timestamp":"2017-10-18T10:57:35.291Z"}
{"level":"info","message":"Executing (default): INSERT INTO \"log-A1-aa2\" (\"id\",\"ancher\",\"owner\",\"message\",\"attr\",\"at\") VALUES (DEFAULT,'pc1','printer','t3','[\"farcek@yahoo.com\",\"aa\",\"dindon\"]','2017-10-18 18:57:35.297 +08:00') RETURNING *;","timestamp":"2017-10-18T10:57:35.302Z"}
{"level":"info","message":"Executing (default): SELECT \"id\", \"name\", \"tokenkey\", \"ovner\", \"created_at\", \"loggers\" FROM \"app\" AS \"App\" WHERE \"App\".\"id\" = 1;","timestamp":"2017-10-18T10:57:39.286Z"}
{"level":"info","message":"Executing (default): DROP TABLE IF EXISTS \"log-A1-aa\" CASCADE;","timestamp":"2017-10-18T10:57:39.295Z"}
{"level":"info","message":"Executing (default): CREATE TABLE IF NOT EXISTS \"log-A1-aa\" (\"id\"  SERIAL , \"ancher\" VARCHAR(255) NOT NULL, \"owner\" VARCHAR(255) NOT NULL, \"message\" VARCHAR(255), \"attr\" JSON, \"at\" TIMESTAMP WITH TIME ZONE NOT NULL, PRIMARY KEY (\"id\"));","timestamp":"2017-10-18T10:57:39.528Z"}
{"level":"info","message":"Executing (default): SELECT i.relname AS name, ix.indisprimary AS primary, ix.indisunique AS unique, ix.indkey AS indkey, array_agg(a.attnum) as column_indexes, array_agg(a.attname) AS column_names, pg_get_indexdef(ix.indexrelid) AS definition FROM pg_class t, pg_class i, pg_index ix, pg_attribute a WHERE t.oid = ix.indrelid AND i.oid = ix.indexrelid AND a.attrelid = t.oid AND t.relkind = 'r' and t.relname = 'log-A1-aa' GROUP BY i.relname, ix.indexrelid, ix.indisprimary, ix.indisunique, ix.indkey ORDER BY i.relname;","timestamp":"2017-10-18T10:57:39.753Z"}
{"level":"info","message":"Executing (default): INSERT INTO \"log-A1-aa\" (\"id\",\"ancher\",\"owner\",\"message\",\"attr\",\"at\") VALUES (DEFAULT,'pc1','printer','t3','[\"farcek@yahoo.com\",\"aa\",\"dindon\"]','2017-10-18 18:57:39.766 +08:00') RETURNING *;","timestamp":"2017-10-18T10:57:39.774Z"}
{"level":"info","message":"Executing (default): SELECT 1+1 AS result","timestamp":"2017-10-18T11:00:39.838Z"}
{"level":"info","message":"Executing (default): DROP TABLE IF EXISTS \"app\" CASCADE;","timestamp":"2017-10-18T11:00:39.853Z"}
{"level":"info","message":"Executing (default): DROP TABLE IF EXISTS \"app\" CASCADE;","timestamp":"2017-10-18T11:00:39.878Z"}
{"level":"info","message":"Executing (default): CREATE TABLE IF NOT EXISTS \"app\" (\"id\"  SERIAL , \"name\" VARCHAR(255) NOT NULL, \"tokenkey\" VARCHAR(255) NOT NULL, \"ovner\" VARCHAR(255) NOT NULL, \"created_at\" TIMESTAMP WITH TIME ZONE, \"loggers\" JSON, PRIMARY KEY (\"id\"));","timestamp":"2017-10-18T11:00:39.885Z"}
{"level":"info","message":"Executing (default): SELECT i.relname AS name, ix.indisprimary AS primary, ix.indisunique AS unique, ix.indkey AS indkey, array_agg(a.attnum) as column_indexes, array_agg(a.attname) AS column_names, pg_get_indexdef(ix.indexrelid) AS definition FROM pg_class t, pg_class i, pg_index ix, pg_attribute a WHERE t.oid = ix.indrelid AND i.oid = ix.indexrelid AND a.attrelid = t.oid AND t.relkind = 'r' and t.relname = 'app' GROUP BY i.relname, ix.indexrelid, ix.indisprimary, ix.indisunique, ix.indkey ORDER BY i.relname;","timestamp":"2017-10-18T11:00:40.014Z"}
{"level":"info","message":"Executing (default): SELECT \"id\", \"name\", \"tokenkey\", \"ovner\", \"created_at\", \"loggers\" FROM \"app\" AS \"App\" WHERE \"App\".\"id\" = 1;","timestamp":"2017-10-18T11:00:46.532Z"}
{"level":"info","message":"Executing (default): SELECT \"id\", \"name\", \"tokenkey\", \"ovner\", \"created_at\", \"loggers\" FROM \"app\" AS \"App\" WHERE \"App\".\"id\" = 1;","timestamp":"2017-10-18T11:01:50.533Z"}
{"level":"info","message":"Executing (default): UPDATE \"app\" SET \"loggers\"='[\"aa\"]' WHERE \"id\" = 1","timestamp":"2017-10-18T11:01:50.557Z"}
{"level":"info","message":"Executing (default): DROP TABLE IF EXISTS \"log-A1-aa\" CASCADE;","timestamp":"2017-10-18T11:01:50.585Z"}
{"level":"info","message":"Executing (default): CREATE TABLE IF NOT EXISTS \"log-A1-aa\" (\"id\"  SERIAL , \"ancher\" VARCHAR(255) NOT NULL, \"owner\" VARCHAR(255) NOT NULL, \"message\" VARCHAR(255), \"attr\" JSON, \"at\" TIMESTAMP WITH TIME ZONE NOT NULL, PRIMARY KEY (\"id\"));","timestamp":"2017-10-18T11:01:50.614Z"}
{"level":"info","message":"Executing (default): SELECT i.relname AS name, ix.indisprimary AS primary, ix.indisunique AS unique, ix.indkey AS indkey, array_agg(a.attnum) as column_indexes, array_agg(a.attname) AS column_names, pg_get_indexdef(ix.indexrelid) AS definition FROM pg_class t, pg_class i, pg_index ix, pg_attribute a WHERE t.oid = ix.indrelid AND i.oid = ix.indexrelid AND a.attrelid = t.oid AND t.relkind = 'r' and t.relname = 'log-A1-aa' GROUP BY i.relname, ix.indexrelid, ix.indisprimary, ix.indisunique, ix.indkey ORDER BY i.relname;","timestamp":"2017-10-18T11:01:50.682Z"}
{"level":"info","message":"Executing (default): INSERT INTO \"log-A1-aa\" (\"id\",\"ancher\",\"owner\",\"message\",\"attr\",\"at\") VALUES (DEFAULT,'pc1','printer','t3','[\"farcek@yahoo.com\",\"aa\",\"dindon\"]','2017-10-18 19:01:50.691 +08:00') RETURNING *;","timestamp":"2017-10-18T11:01:50.699Z"}
{"level":"info","message":"Executing (default): SELECT \"id\", \"name\", \"tokenkey\", \"ovner\", \"created_at\", \"loggers\" FROM \"app\" AS \"App\" WHERE \"App\".\"id\" = 1;","timestamp":"2017-10-18T11:01:57.758Z"}
{"level":"info","message":"Executing (default): INSERT INTO \"log-A1-aa\" (\"id\",\"ancher\",\"owner\",\"message\",\"attr\",\"at\") VALUES (DEFAULT,'pc1','printer','t3','[\"farcek@yahoo.com\",\"aa\",\"dindon\"]','2017-10-18 19:01:57.764 +08:00') RETURNING *;","timestamp":"2017-10-18T11:01:57.773Z"}
{"level":"info","message":"Executing (default): SELECT \"id\", \"name\", \"tokenkey\", \"ovner\", \"created_at\", \"loggers\" FROM \"app\" AS \"App\" WHERE \"App\".\"id\" = 1;","timestamp":"2017-10-18T11:01:59.378Z"}
{"level":"info","message":"Executing (default): INSERT INTO \"log-A1-aa\" (\"id\",\"ancher\",\"owner\",\"message\",\"attr\",\"at\") VALUES (DEFAULT,'pc1','printer','t3','[\"farcek@yahoo.com\",\"aa\",\"dindon\"]','2017-10-18 19:01:59.384 +08:00') RETURNING *;","timestamp":"2017-10-18T11:01:59.391Z"}
{"level":"info","message":"Executing (default): SELECT \"id\", \"name\", \"tokenkey\", \"ovner\", \"created_at\", \"loggers\" FROM \"app\" AS \"App\" WHERE \"App\".\"id\" = 1;","timestamp":"2017-10-18T11:02:07.489Z"}
{"level":"info","message":"Executing (default): DROP TABLE IF EXISTS \"log-A1-aa2\" CASCADE;","timestamp":"2017-10-18T11:02:07.504Z"}
{"level":"info","message":"Executing (default): CREATE TABLE IF NOT EXISTS \"log-A1-aa2\" (\"id\"  SERIAL , \"ancher\" VARCHAR(255) NOT NULL, \"owner\" VARCHAR(255) NOT NULL, \"message\" VARCHAR(255), \"attr\" JSON, \"at\" TIMESTAMP WITH TIME ZONE NOT NULL, PRIMARY KEY (\"id\"));","timestamp":"2017-10-18T11:02:07.514Z"}
{"level":"info","message":"Executing (default): SELECT i.relname AS name, ix.indisprimary AS primary, ix.indisunique AS unique, ix.indkey AS indkey, array_agg(a.attnum) as column_indexes, array_agg(a.attname) AS column_names, pg_get_indexdef(ix.indexrelid) AS definition FROM pg_class t, pg_class i, pg_index ix, pg_attribute a WHERE t.oid = ix.indrelid AND i.oid = ix.indexrelid AND a.attrelid = t.oid AND t.relkind = 'r' and t.relname = 'log-A1-aa2' GROUP BY i.relname, ix.indexrelid, ix.indisprimary, ix.indisunique, ix.indkey ORDER BY i.relname;","timestamp":"2017-10-18T11:02:07.654Z"}
{"level":"info","message":"Executing (default): INSERT INTO \"log-A1-aa2\" (\"id\",\"ancher\",\"owner\",\"message\",\"attr\",\"at\") VALUES (DEFAULT,'pc1','printer','t3','[\"farcek@yahoo.com\",\"aa\",\"dindon\"]','2017-10-18 19:02:07.659 +08:00') RETURNING *;","timestamp":"2017-10-18T11:02:07.664Z"}
{"level":"info","message":"Executing (default): SELECT \"id\", \"name\", \"tokenkey\", \"ovner\", \"created_at\", \"loggers\" FROM \"app\" AS \"App\" WHERE \"App\".\"id\" = 1;","timestamp":"2017-10-18T11:02:18.339Z"}
{"level":"info","message":"Executing (default): INSERT INTO \"log-A1-aa2\" (\"id\",\"ancher\",\"owner\",\"message\",\"attr\",\"at\") VALUES (DEFAULT,'pc1','printer','t3','[\"farcek@yahoo.com\",\"aa\",\"dindon\"]','2017-10-18 19:02:18.344 +08:00') RETURNING *;","timestamp":"2017-10-18T11:02:18.348Z"}
{"level":"info","message":"Executing (default): SELECT 1+1 AS result","timestamp":"2017-10-18T11:05:14.543Z"}
{"level":"info","message":"Executing (default): SELECT 1+1 AS result","timestamp":"2017-10-18T11:05:19.494Z"}
{"level":"info","message":"Executing (default): SELECT \"id\", \"name\", \"tokenkey\", \"ovner\", \"created_at\", \"loggers\" FROM \"app\" AS \"App\" WHERE \"App\".\"id\" = 1;","timestamp":"2017-10-18T11:05:25.965Z"}
{"level":"info","message":"Executing (default): DROP TABLE IF EXISTS \"log-A1-aa2\" CASCADE;","timestamp":"2017-10-18T11:05:25.989Z"}
{"level":"info","message":"Executing (default): CREATE TABLE IF NOT EXISTS \"log-A1-aa2\" (\"id\"  SERIAL , \"ancher\" VARCHAR(255) NOT NULL, \"owner\" VARCHAR(255) NOT NULL, \"message\" VARCHAR(255), \"attr\" JSON, \"at\" TIMESTAMP WITH TIME ZONE NOT NULL, PRIMARY KEY (\"id\"));","timestamp":"2017-10-18T11:05:26.010Z"}
{"level":"info","message":"Executing (default): SELECT i.relname AS name, ix.indisprimary AS primary, ix.indisunique AS unique, ix.indkey AS indkey, array_agg(a.attnum) as column_indexes, array_agg(a.attname) AS column_names, pg_get_indexdef(ix.indexrelid) AS definition FROM pg_class t, pg_class i, pg_index ix, pg_attribute a WHERE t.oid = ix.indrelid AND i.oid = ix.indexrelid AND a.attrelid = t.oid AND t.relkind = 'r' and t.relname = 'log-A1-aa2' GROUP BY i.relname, ix.indexrelid, ix.indisprimary, ix.indisunique, ix.indkey ORDER BY i.relname;","timestamp":"2017-10-18T11:05:26.085Z"}
{"level":"info","message":"Executing (default): INSERT INTO \"log-A1-aa2\" (\"id\",\"ancher\",\"owner\",\"message\",\"attr\",\"at\") VALUES (DEFAULT,'pc1','printer','t3','[\"farcek@yahoo.com\",\"aa\",\"dindon\"]','2017-10-18 19:05:26.095 +08:00') RETURNING *;","timestamp":"2017-10-18T11:05:26.105Z"}
{"level":"info","message":"Executing (default): SELECT 1+1 AS result","timestamp":"2017-10-18T11:06:45.770Z"}
{"level":"info","message":"Executing (default): SELECT \"id\", \"name\", \"tokenkey\", \"ovner\", \"created_at\", \"loggers\" FROM \"app\" AS \"App\" WHERE \"App\".\"id\" = 1;","timestamp":"2017-10-18T11:06:53.616Z"}
{"level":"info","message":"Executing (default): UPDATE \"app\" SET \"loggers\"='[\"aa\",\"aa2\"]' WHERE \"id\" = 1","timestamp":"2017-10-18T11:06:53.638Z"}
{"level":"info","message":"Executing (default): DROP TABLE IF EXISTS \"log-A1-aa2\" CASCADE;","timestamp":"2017-10-18T11:06:53.749Z"}
{"level":"info","message":"Executing (default): CREATE TABLE IF NOT EXISTS \"log-A1-aa2\" (\"id\"  SERIAL , \"ancher\" VARCHAR(255) NOT NULL, \"owner\" VARCHAR(255) NOT NULL, \"message\" VARCHAR(255), \"attr\" JSON, \"at\" TIMESTAMP WITH TIME ZONE NOT NULL, PRIMARY KEY (\"id\"));","timestamp":"2017-10-18T11:06:53.765Z"}
{"level":"info","message":"Executing (default): SELECT i.relname AS name, ix.indisprimary AS primary, ix.indisunique AS unique, ix.indkey AS indkey, array_agg(a.attnum) as column_indexes, array_agg(a.attname) AS column_names, pg_get_indexdef(ix.indexrelid) AS definition FROM pg_class t, pg_class i, pg_index ix, pg_attribute a WHERE t.oid = ix.indrelid AND i.oid = ix.indexrelid AND a.attrelid = t.oid AND t.relkind = 'r' and t.relname = 'log-A1-aa2' GROUP BY i.relname, ix.indexrelid, ix.indisprimary, ix.indisunique, ix.indkey ORDER BY i.relname;","timestamp":"2017-10-18T11:06:53.893Z"}
{"level":"info","message":"Executing (default): INSERT INTO \"log-A1-aa2\" (\"id\",\"ancher\",\"owner\",\"message\",\"attr\",\"at\") VALUES (DEFAULT,'pc1','printer','t3','[\"farcek@yahoo.com\",\"aa\",\"dindon\"]','2017-10-18 19:06:53.903 +08:00') RETURNING *;","timestamp":"2017-10-18T11:06:53.914Z"}
{"level":"info","message":"Executing (default): SELECT \"id\", \"name\", \"tokenkey\", \"ovner\", \"created_at\", \"loggers\" FROM \"app\" AS \"App\" WHERE \"App\".\"id\" = 1;","timestamp":"2017-10-18T11:07:06.109Z"}
{"level":"info","message":"Executing (default): UPDATE \"app\" SET \"loggers\"='[\"aa\",\"aa2\",\"aac\"]' WHERE \"id\" = 1","timestamp":"2017-10-18T11:07:06.116Z"}
{"level":"info","message":"Executing (default): DROP TABLE IF EXISTS \"log-A1-aac\" CASCADE;","timestamp":"2017-10-18T11:07:06.145Z"}
{"level":"info","message":"Executing (default): CREATE TABLE IF NOT EXISTS \"log-A1-aac\" (\"id\"  SERIAL , \"ancher\" VARCHAR(255) NOT NULL, \"owner\" VARCHAR(255) NOT NULL, \"message\" VARCHAR(255), \"attr\" JSON, \"at\" TIMESTAMP WITH TIME ZONE NOT NULL, PRIMARY KEY (\"id\"));","timestamp":"2017-10-18T11:07:06.150Z"}
{"level":"info","message":"Executing (default): SELECT i.relname AS name, ix.indisprimary AS primary, ix.indisunique AS unique, ix.indkey AS indkey, array_agg(a.attnum) as column_indexes, array_agg(a.attname) AS column_names, pg_get_indexdef(ix.indexrelid) AS definition FROM pg_class t, pg_class i, pg_index ix, pg_attribute a WHERE t.oid = ix.indrelid AND i.oid = ix.indexrelid AND a.attrelid = t.oid AND t.relkind = 'r' and t.relname = 'log-A1-aac' GROUP BY i.relname, ix.indexrelid, ix.indisprimary, ix.indisunique, ix.indkey ORDER BY i.relname;","timestamp":"2017-10-18T11:07:06.319Z"}
{"level":"info","message":"Executing (default): INSERT INTO \"log-A1-aac\" (\"id\",\"ancher\",\"owner\",\"message\",\"attr\",\"at\") VALUES (DEFAULT,'pc1','printer','t3','[\"farcek@yahoo.com\",\"aa\",\"dindon\"]','2017-10-18 19:07:06.333 +08:00') RETURNING *;","timestamp":"2017-10-18T11:07:06.342Z"}
{"level":"info","message":"Executing (default): SELECT 1+1 AS result","timestamp":"2017-10-18T11:10:24.402Z"}
{"level":"info","message":"Executing (default): SELECT 1+1 AS result","timestamp":"2017-10-18T11:10:53.781Z"}
{"level":"info","message":"Executing (default): SELECT 1+1 AS result","timestamp":"2017-10-18T11:11:01.233Z"}
{"level":"info","message":"Executing (default): DROP TABLE IF EXISTS \"app\" CASCADE;","timestamp":"2017-10-18T11:11:01.244Z"}
{"level":"info","message":"Executing (default): DROP TABLE IF EXISTS \"app\" CASCADE;","timestamp":"2017-10-18T11:11:01.272Z"}
{"level":"info","message":"Executing (default): CREATE TABLE IF NOT EXISTS \"app\" (\"id\"  SERIAL , \"name\" VARCHAR(255) NOT NULL, \"tokenkey\" VARCHAR(255) NOT NULL, \"ovner\" VARCHAR(255) NOT NULL, \"created_at\" TIMESTAMP WITH TIME ZONE, \"loggers\" VARCHAR(255)[], PRIMARY KEY (\"id\"));","timestamp":"2017-10-18T11:11:01.279Z"}
{"level":"info","message":"Executing (default): SELECT i.relname AS name, ix.indisprimary AS primary, ix.indisunique AS unique, ix.indkey AS indkey, array_agg(a.attnum) as column_indexes, array_agg(a.attname) AS column_names, pg_get_indexdef(ix.indexrelid) AS definition FROM pg_class t, pg_class i, pg_index ix, pg_attribute a WHERE t.oid = ix.indrelid AND i.oid = ix.indexrelid AND a.attrelid = t.oid AND t.relkind = 'r' and t.relname = 'app' GROUP BY i.relname, ix.indexrelid, ix.indisprimary, ix.indisunique, ix.indkey ORDER BY i.relname;","timestamp":"2017-10-18T11:11:01.365Z"}
{"level":"info","message":"Executing (default): SELECT 1+1 AS result","timestamp":"2017-10-18T11:11:12.567Z"}
{"level":"info","message":"Executing (default): SELECT \"id\", \"name\", \"tokenkey\", \"ovner\", \"created_at\", \"loggers\" FROM \"app\" AS \"App\" WHERE \"App\".\"id\" = 1;","timestamp":"2017-10-18T11:11:46.804Z"}
{"level":"info","message":"Executing (default): UPDATE \"app\" SET \"loggers\"=ARRAY['aac']::VARCHAR(255)[] WHERE \"id\" = 1","timestamp":"2017-10-18T11:11:46.829Z"}
{"level":"info","message":"Executing (default): DROP TABLE IF EXISTS \"log-A1-aac\" CASCADE;","timestamp":"2017-10-18T11:11:46.843Z"}
{"level":"info","message":"Executing (default): CREATE TABLE IF NOT EXISTS \"log-A1-aac\" (\"id\"  SERIAL , \"ancher\" VARCHAR(255) NOT NULL, \"owner\" VARCHAR(255) NOT NULL, \"message\" VARCHAR(255), \"attr\" JSON, \"at\" TIMESTAMP WITH TIME ZONE NOT NULL, PRIMARY KEY (\"id\"));","timestamp":"2017-10-18T11:11:46.855Z"}
{"level":"info","message":"Executing (default): SELECT i.relname AS name, ix.indisprimary AS primary, ix.indisunique AS unique, ix.indkey AS indkey, array_agg(a.attnum) as column_indexes, array_agg(a.attname) AS column_names, pg_get_indexdef(ix.indexrelid) AS definition FROM pg_class t, pg_class i, pg_index ix, pg_attribute a WHERE t.oid = ix.indrelid AND i.oid = ix.indexrelid AND a.attrelid = t.oid AND t.relkind = 'r' and t.relname = 'log-A1-aac' GROUP BY i.relname, ix.indexrelid, ix.indisprimary, ix.indisunique, ix.indkey ORDER BY i.relname;","timestamp":"2017-10-18T11:11:46.908Z"}
{"level":"info","message":"Executing (default): INSERT INTO \"log-A1-aac\" (\"id\",\"ancher\",\"owner\",\"message\",\"attr\",\"at\") VALUES (DEFAULT,'pc1','printer','t3','[\"farcek@yahoo.com\",\"aa\",\"dindon\"]','2017-10-18 19:11:46.918 +08:00') RETURNING *;","timestamp":"2017-10-18T11:11:46.931Z"}
{"level":"info","message":"Executing (default): SELECT \"id\", \"name\", \"tokenkey\", \"ovner\", \"created_at\", \"loggers\" FROM \"app\" AS \"App\" WHERE \"App\".\"id\" = 1;","timestamp":"2017-10-18T11:11:58.498Z"}
{"level":"info","message":"Executing (default): INSERT INTO \"log-A1-aac\" (\"id\",\"ancher\",\"owner\",\"message\",\"attr\",\"at\") VALUES (DEFAULT,'pc1','printer','t3','[\"farcek@yahoo.com\",\"aa\",\"dindon\"]','2017-10-18 19:11:58.503 +08:00') RETURNING *;","timestamp":"2017-10-18T11:11:58.514Z"}
{"level":"info","message":"Executing (default): SELECT \"id\", \"name\", \"tokenkey\", \"ovner\", \"created_at\", \"loggers\" FROM \"app\" AS \"App\" WHERE \"App\".\"id\" = 1;","timestamp":"2017-10-18T11:12:06.095Z"}
{"level":"info","message":"Executing (default): UPDATE \"app\" SET \"loggers\"=ARRAY['aac','aa']::VARCHAR(255)[] WHERE \"id\" = 1","timestamp":"2017-10-18T11:12:06.102Z"}
{"level":"info","message":"Executing (default): DROP TABLE IF EXISTS \"log-A1-aa\" CASCADE;","timestamp":"2017-10-18T11:12:06.133Z"}
{"level":"info","message":"Executing (default): CREATE TABLE IF NOT EXISTS \"log-A1-aa\" (\"id\"  SERIAL , \"ancher\" VARCHAR(255) NOT NULL, \"owner\" VARCHAR(255) NOT NULL, \"message\" VARCHAR(255), \"attr\" JSON, \"at\" TIMESTAMP WITH TIME ZONE NOT NULL, PRIMARY KEY (\"id\"));","timestamp":"2017-10-18T11:12:06.155Z"}
{"level":"info","message":"Executing (default): SELECT i.relname AS name, ix.indisprimary AS primary, ix.indisunique AS unique, ix.indkey AS indkey, array_agg(a.attnum) as column_indexes, array_agg(a.attname) AS column_names, pg_get_indexdef(ix.indexrelid) AS definition FROM pg_class t, pg_class i, pg_index ix, pg_attribute a WHERE t.oid = ix.indrelid AND i.oid = ix.indexrelid AND a.attrelid = t.oid AND t.relkind = 'r' and t.relname = 'log-A1-aa' GROUP BY i.relname, ix.indexrelid, ix.indisprimary, ix.indisunique, ix.indkey ORDER BY i.relname;","timestamp":"2017-10-18T11:12:06.254Z"}
{"level":"info","message":"Executing (default): INSERT INTO \"log-A1-aa\" (\"id\",\"ancher\",\"owner\",\"message\",\"attr\",\"at\") VALUES (DEFAULT,'pc1','printer','t3','[\"farcek@yahoo.com\",\"aa\",\"dindon\"]','2017-10-18 19:12:06.260 +08:00') RETURNING *;","timestamp":"2017-10-18T11:12:06.264Z"}
{"level":"info","message":"Executing (default): SELECT \"id\", \"name\", \"tokenkey\", \"ovner\", \"created_at\", \"loggers\" FROM \"app\" AS \"App\" WHERE \"App\".\"id\" = 1;","timestamp":"2017-10-18T11:12:13.642Z"}
{"level":"info","message":"Executing (default): INSERT INTO \"log-A1-aa\" (\"id\",\"ancher\",\"owner\",\"message\",\"attr\",\"at\") VALUES (DEFAULT,'pc1','printer','t3','[\"farcek@yahoo.com\",\"aa\",\"dindon\"]','2017-10-18 19:12:13.645 +08:00') RETURNING *;","timestamp":"2017-10-18T11:12:13.650Z"}
{"level":"info","message":"Executing (default): SELECT \"id\", \"name\", \"tokenkey\", \"ovner\", \"created_at\", \"loggers\" FROM \"app\" AS \"App\" WHERE \"App\".\"id\" = 1;","timestamp":"2017-10-18T11:12:14.597Z"}
{"level":"info","message":"Executing (default): INSERT INTO \"log-A1-aa\" (\"id\",\"ancher\",\"owner\",\"message\",\"attr\",\"at\") VALUES (DEFAULT,'pc1','printer','t3','[\"farcek@yahoo.com\",\"aa\",\"dindon\"]','2017-10-18 19:12:14.600 +08:00') RETURNING *;","timestamp":"2017-10-18T11:12:14.609Z"}
{"level":"info","message":"Executing (default): SELECT \"id\", \"name\", \"tokenkey\", \"ovner\", \"created_at\", \"loggers\" FROM \"app\" AS \"App\" WHERE \"App\".\"id\" = 1;","timestamp":"2017-10-18T11:12:18.176Z"}
{"level":"info","message":"Executing (default): UPDATE \"app\" SET \"loggers\"=ARRAY['aac','aa','sdf']::VARCHAR(255)[] WHERE \"id\" = 1","timestamp":"2017-10-18T11:12:18.183Z"}
{"level":"info","message":"Executing (default): DROP TABLE IF EXISTS \"log-A1-sdf\" CASCADE;","timestamp":"2017-10-18T11:12:18.210Z"}
{"level":"info","message":"Executing (default): CREATE TABLE IF NOT EXISTS \"log-A1-sdf\" (\"id\"  SERIAL , \"ancher\" VARCHAR(255) NOT NULL, \"owner\" VARCHAR(255) NOT NULL, \"message\" VARCHAR(255), \"attr\" JSON, \"at\" TIMESTAMP WITH TIME ZONE NOT NULL, PRIMARY KEY (\"id\"));","timestamp":"2017-10-18T11:12:18.214Z"}
{"level":"info","message":"Executing (default): SELECT i.relname AS name, ix.indisprimary AS primary, ix.indisunique AS unique, ix.indkey AS indkey, array_agg(a.attnum) as column_indexes, array_agg(a.attname) AS column_names, pg_get_indexdef(ix.indexrelid) AS definition FROM pg_class t, pg_class i, pg_index ix, pg_attribute a WHERE t.oid = ix.indrelid AND i.oid = ix.indexrelid AND a.attrelid = t.oid AND t.relkind = 'r' and t.relname = 'log-A1-sdf' GROUP BY i.relname, ix.indexrelid, ix.indisprimary, ix.indisunique, ix.indkey ORDER BY i.relname;","timestamp":"2017-10-18T11:12:18.393Z"}
{"level":"info","message":"Executing (default): INSERT INTO \"log-A1-sdf\" (\"id\",\"ancher\",\"owner\",\"message\",\"attr\",\"at\") VALUES (DEFAULT,'pc1','printer','t3','[\"farcek@yahoo.com\",\"aa\",\"dindon\"]','2017-10-18 19:12:18.397 +08:00') RETURNING *;","timestamp":"2017-10-18T11:12:18.403Z"}
{"level":"info","message":"Executing (default): SELECT \"id\", \"name\", \"tokenkey\", \"ovner\", \"created_at\", \"loggers\" FROM \"app\" AS \"App\" WHERE \"App\".\"id\" = 1;","timestamp":"2017-10-18T11:12:21.484Z"}
{"level":"info","message":"Executing (default): INSERT INTO \"log-A1-sdf\" (\"id\",\"ancher\",\"owner\",\"message\",\"attr\",\"at\") VALUES (DEFAULT,'pc1','printer','t3','[\"farcek@yahoo.com\",\"aa\",\"dindon\"]','2017-10-18 19:12:21.491 +08:00') RETURNING *;","timestamp":"2017-10-18T11:12:21.498Z"}
{"level":"info","message":"Executing (default): SELECT \"id\", \"name\", \"tokenkey\", \"ovner\", \"created_at\", \"loggers\" FROM \"app\" AS \"App\" WHERE \"App\".\"id\" = 1;","timestamp":"2017-10-18T11:12:22.679Z"}
{"level":"info","message":"Executing (default): INSERT INTO \"log-A1-sdf\" (\"id\",\"ancher\",\"owner\",\"message\",\"attr\",\"at\") VALUES (DEFAULT,'pc1','printer','t3','[\"farcek@yahoo.com\",\"aa\",\"dindon\"]','2017-10-18 19:12:22.684 +08:00') RETURNING *;","timestamp":"2017-10-18T11:12:22.693Z"}
